#
# There is insufficient memory for the Java Runtime Environment to continue.
# Native memory allocation (malloc) failed to allocate 933856 bytes. Error detail: Chunk::new
# Possible reasons:
#   The system is out of physical RAM or swap space
#   This process is running with CompressedOops enabled, and the Java Heap may be blocking the growth of the native heap
# Possible solutions:
#   Reduce memory load on the system
#   Increase physical memory or swap space
#   Check if swap backing store is full
#   Decrease Java heap size (-Xmx/-Xms)
#   Decrease number of Java threads
#   Decrease Java thread stack sizes (-Xss)
#   Set larger code cache with -XX:ReservedCodeCacheSize=
#   JVM is running with Unscaled Compressed Oops mode in which the Java heap is
#     placed in the first 4GB address space. The Java Heap base address is the
#     maximum limit for the native heap growth. Please use -XX:HeapBaseMinAddress
#     to set the Java Heap base and to place the Java Heap above 4GB virtual address.
# This output file may be truncated or incomplete.
#
#  Out of Memory Error (arena.cpp:168), pid=10868, tid=100
#
# JRE version: OpenJDK Runtime Environment (21.0.6) (build 21.0.6+-13391695-b895.109)
# Java VM: OpenJDK 64-Bit Server VM (21.0.6+-13391695-b895.109, mixed mode, tiered, compressed oops, compressed class ptrs, g1 gc, windows-amd64)
# No core dump will be written. Minidumps are not enabled by default on client versions of Windows
#

---------------  S U M M A R Y ------------

Command Line: --add-opens=java.base/java.lang=ALL-UNNAMED --add-opens=java.base/java.lang.invoke=ALL-UNNAMED --add-opens=java.base/java.util=ALL-UNNAMED --add-opens=java.prefs/java.util.prefs=ALL-UNNAMED --add-exports=jdk.compiler/com.sun.tools.javac.api=ALL-UNNAMED --add-exports=jdk.compiler/com.sun.tools.javac.util=ALL-UNNAMED --add-opens=java.base/java.util=ALL-UNNAMED --add-opens=java.prefs/java.util.prefs=ALL-UNNAMED --add-opens=java.base/java.nio.charset=ALL-UNNAMED --add-opens=java.base/java.net=ALL-UNNAMED --add-opens=java.base/java.util.concurrent.atomic=ALL-UNNAMED --add-opens=java.xml/javax.xml.namespace=ALL-UNNAMED -Xmx2048m -Dfile.encoding=UTF-8 -Duser.country=US -Duser.language=en -Duser.variant -javaagent:C:\Users\Dell\.gradle\wrapper\dists\gradle-8.13-bin\5xuhj0ry160q40clulazy9h7d\gradle-8.13\lib\agents\gradle-instrumentation-agent-8.13.jar org.gradle.launcher.daemon.bootstrap.GradleDaemon 8.13

Host: Intel(R) Core(TM) i5-8350U CPU @ 1.70GHz, 8 cores, 7G,  Windows 11 , 64 bit Build 26100 (10.0.26100.4484)
Time: Wed Aug 13 17:20:40 2025 Pakistan Standard Time elapsed time: 11.115602 seconds (0d 0h 0m 11s)

---------------  T H R E A D  ---------------

Current thread (0x0000019f23ec25d0):  JavaThread "C2 CompilerThread1" daemon [_thread_in_native, id=100, stack(0x00000082b3900000,0x00000082b3a00000) (1024K)]


Current CompileTask:
C2:11115 3478   !   4       java.net.URLClassLoader::findClass (47 bytes)

Stack: [0x00000082b3900000,0x00000082b3a00000]
Native frames: (J=compiled Java code, j=interpreted, Vv=VM code, C=native code)
V  [jvm.dll+0x6d0639]
V  [jvm.dll+0x85eb03]
V  [jvm.dll+0x86105e]
V  [jvm.dll+0x861743]
V  [jvm.dll+0x27e6e6]
V  [jvm.dll+0xbff6d]
V  [jvm.dll+0xc04a3]
V  [jvm.dll+0x2f2780]
V  [jvm.dll+0x5fa409]
V  [jvm.dll+0x250d92]
V  [jvm.dll+0x25114f]
V  [jvm.dll+0x2498f5]
V  [jvm.dll+0x24714e]
V  [jvm.dll+0x1c5f04]
V  [jvm.dll+0x2569ac]
V  [jvm.dll+0x254ef6]
V  [jvm.dll+0x3f0e96]
V  [jvm.dll+0x806ed8]
V  [jvm.dll+0x6cef0d]
C  [ucrtbase.dll+0x37b0]
C  [KERNEL32.DLL+0x2e8d7]
C  [ntdll.dll+0x3c34c]


---------------  P R O C E S S  ---------------

Threads class SMR info:
_java_thread_list=0x0000019f24882190, length=32, elements={
0x0000019f04b08710, 0x0000019f1e719d50, 0x0000019f1e71a7a0, 0x0000019f1e7247d0,
0x0000019f1e725220, 0x0000019f1e7267e0, 0x0000019f1e704140, 0x0000019f1e704ff0,
0x0000019f1e736140, 0x0000019f1e765690, 0x0000019f1ea2a2c0, 0x0000019f23ec25d0,
0x0000019f2497e350, 0x0000019f24a12440, 0x0000019f249f1c30, 0x0000019f24b91060,
0x0000019f24ba1c50, 0x0000019f24a612d0, 0x0000019f24a62db0, 0x0000019f2496dea0,
0x0000019f2496e530, 0x0000019f2496ebc0, 0x0000019f2496d810, 0x0000019f2496f250,
0x0000019f2496d180, 0x0000019f2496bdd0, 0x0000019f2496c460, 0x0000019f2496caf0,
0x0000019f27f7aca0, 0x0000019f27f7b330, 0x0000019f27f7b9c0, 0x0000019f26ed20d0
}

Java Threads: ( => current thread )
  0x0000019f04b08710 JavaThread "main"                              [_thread_blocked, id=8608, stack(0x00000082b2700000,0x00000082b2800000) (1024K)]
  0x0000019f1e719d50 JavaThread "Reference Handler"          daemon [_thread_blocked, id=18520, stack(0x00000082b2f00000,0x00000082b3000000) (1024K)]
  0x0000019f1e71a7a0 JavaThread "Finalizer"                  daemon [_thread_blocked, id=8872, stack(0x00000082b3000000,0x00000082b3100000) (1024K)]
  0x0000019f1e7247d0 JavaThread "Signal Dispatcher"          daemon [_thread_blocked, id=16144, stack(0x00000082b3100000,0x00000082b3200000) (1024K)]
  0x0000019f1e725220 JavaThread "Attach Listener"            daemon [_thread_blocked, id=20284, stack(0x00000082b3200000,0x00000082b3300000) (1024K)]
  0x0000019f1e7267e0 JavaThread "Service Thread"             daemon [_thread_blocked, id=18572, stack(0x00000082b3300000,0x00000082b3400000) (1024K)]
  0x0000019f1e704140 JavaThread "Monitor Deflation Thread"   daemon [_thread_blocked, id=6108, stack(0x00000082b3400000,0x00000082b3500000) (1024K)]
  0x0000019f1e704ff0 JavaThread "C2 CompilerThread0"         daemon [_thread_in_native, id=2384, stack(0x00000082b3500000,0x00000082b3600000) (1024K)]
  0x0000019f1e736140 JavaThread "C1 CompilerThread0"         daemon [_thread_in_native, id=16508, stack(0x00000082b3600000,0x00000082b3700000) (1024K)]
  0x0000019f1e765690 JavaThread "Common-Cleaner"             daemon [_thread_blocked, id=15404, stack(0x00000082b3700000,0x00000082b3800000) (1024K)]
  0x0000019f1ea2a2c0 JavaThread "Notification Thread"        daemon [_thread_blocked, id=13032, stack(0x00000082b3800000,0x00000082b3900000) (1024K)]
=>0x0000019f23ec25d0 JavaThread "C2 CompilerThread1"         daemon [_thread_in_native, id=100, stack(0x00000082b3900000,0x00000082b3a00000) (1024K)]
  0x0000019f2497e350 JavaThread "Daemon health stats"               [_thread_blocked, id=6064, stack(0x00000082b4100000,0x00000082b4200000) (1024K)]
  0x0000019f24a12440 JavaThread "Incoming local TCP Connector on port 57695"        [_thread_in_native, id=16888, stack(0x00000082b4200000,0x00000082b4300000) (1024K)]
  0x0000019f249f1c30 JavaThread "Daemon periodic checks"            [_thread_blocked, id=7508, stack(0x00000082b4300000,0x00000082b4400000) (1024K)]
  0x0000019f24b91060 JavaThread "Daemon"                            [_thread_blocked, id=17052, stack(0x00000082b4400000,0x00000082b4500000) (1024K)]
  0x0000019f24ba1c50 JavaThread "Handler for socket connection from /127.0.0.1:57695 to /127.0.0.1:57696"        [_thread_in_native, id=8520, stack(0x00000082b4500000,0x00000082b4600000) (1024K)]
  0x0000019f24a612d0 JavaThread "Cancel handler"                    [_thread_blocked, id=19432, stack(0x00000082b4600000,0x00000082b4700000) (1024K)]
  0x0000019f24a62db0 JavaThread "Daemon worker"                     [_thread_in_Java, id=20216, stack(0x00000082b4700000,0x00000082b4800000) (1024K)]
  0x0000019f2496dea0 JavaThread "Asynchronous log dispatcher for DefaultDaemonConnection: socket connection from /127.0.0.1:57695 to /127.0.0.1:57696"        [_thread_blocked, id=12336, stack(0x00000082b4800000,0x00000082b4900000) (1024K)]
  0x0000019f2496e530 JavaThread "Stdin handler"                     [_thread_blocked, id=8116, stack(0x00000082b4900000,0x00000082b4a00000) (1024K)]
  0x0000019f2496ebc0 JavaThread "Daemon client event forwarder"        [_thread_blocked, id=15288, stack(0x00000082b4a00000,0x00000082b4b00000) (1024K)]
  0x0000019f2496d810 JavaThread "Cache worker for journal cache (C:\Users\Dell\.gradle\caches\journal-1)"        [_thread_blocked, id=5236, stack(0x00000082b4c00000,0x00000082b4d00000) (1024K)]
  0x0000019f2496f250 JavaThread "File lock request listener"        [_thread_in_native, id=20664, stack(0x00000082b4d00000,0x00000082b4e00000) (1024K)]
  0x0000019f2496d180 JavaThread "Cache worker for file hash cache (C:\Users\Dell\.gradle\caches\8.13\fileHashes)"        [_thread_blocked, id=4936, stack(0x00000082b4e00000,0x00000082b4f00000) (1024K)]
  0x0000019f2496bdd0 JavaThread "Cache worker for file hash cache (C:\Users\Dell\AndroidStudioProjects\MotivationalQuote\.gradle\8.13\fileHashes)"        [_thread_blocked, id=20128, stack(0x00000082b5000000,0x00000082b5100000) (1024K)]
  0x0000019f2496c460 JavaThread "Cache worker for Build Output Cleanup Cache (C:\Users\Dell\AndroidStudioProjects\MotivationalQuote\.gradle\buildOutputCleanup)"        [_thread_blocked, id=16912, stack(0x00000082b5100000,0x00000082b5200000) (1024K)]
  0x0000019f2496caf0 JavaThread "File watcher server"        daemon [_thread_in_native, id=16540, stack(0x00000082b5200000,0x00000082b5300000) (1024K)]
  0x0000019f27f7aca0 JavaThread "File watcher consumer"      daemon [_thread_blocked, id=16904, stack(0x00000082b5300000,0x00000082b5400000) (1024K)]
  0x0000019f27f7b330 JavaThread "jar transforms"                    [_thread_blocked, id=8452, stack(0x00000082b4f00000,0x00000082b5000000) (1024K)]
  0x0000019f27f7b9c0 JavaThread "jar transforms Thread 2"           [_thread_blocked, id=20644, stack(0x00000082b5400000,0x00000082b5500000) (1024K)]
  0x0000019f26ed20d0 JavaThread "C2 CompilerThread2"         daemon [_thread_in_native, id=8232, stack(0x00000082b5500000,0x00000082b5600000) (1024K)]
Total: 32

Other Threads:
  0x0000019f1e557580 VMThread "VM Thread"                           [id=6808, stack(0x00000082b2e00000,0x00000082b2f00000) (1024K)]
  0x0000019f1e4f5b60 WatcherThread "VM Periodic Task Thread"        [id=14472, stack(0x00000082b2d00000,0x00000082b2e00000) (1024K)]
  0x0000019f06ed5060 WorkerThread "GC Thread#0"                     [id=16828, stack(0x00000082b2800000,0x00000082b2900000) (1024K)]
  0x0000019f234b4cc0 WorkerThread "GC Thread#1"                     [id=19884, stack(0x00000082b3b00000,0x00000082b3c00000) (1024K)]
  0x0000019f235060e0 WorkerThread "GC Thread#2"                     [id=17016, stack(0x00000082b3c00000,0x00000082b3d00000) (1024K)]
  0x0000019f23838170 WorkerThread "GC Thread#3"                     [id=2816, stack(0x00000082b3d00000,0x00000082b3e00000) (1024K)]
  0x0000019f23ec5540 WorkerThread "GC Thread#4"                     [id=20108, stack(0x00000082b3e00000,0x00000082b3f00000) (1024K)]
  0x0000019f24aabf40 WorkerThread "GC Thread#5"                     [id=1816, stack(0x00000082b3a00000,0x00000082b3b00000) (1024K)]
  0x0000019f247048c0 WorkerThread "GC Thread#6"                     [id=14232, stack(0x00000082b3f00000,0x00000082b4000000) (1024K)]
  0x0000019f24704c60 WorkerThread "GC Thread#7"                     [id=15920, stack(0x00000082b4000000,0x00000082b4100000) (1024K)]
  0x0000019f06ee6d90 ConcurrentGCThread "G1 Main Marker"            [id=8900, stack(0x00000082b2900000,0x00000082b2a00000) (1024K)]
  0x0000019f06ee7f40 WorkerThread "G1 Conc#0"                       [id=17856, stack(0x00000082b2a00000,0x00000082b2b00000) (1024K)]
  0x0000019f24b358c0 WorkerThread "G1 Conc#1"                       [id=7588, stack(0x00000082b4b00000,0x00000082b4c00000) (1024K)]
  0x0000019f1e3c4180 ConcurrentGCThread "G1 Refine#0"               [id=6232, stack(0x00000082b2b00000,0x00000082b2c00000) (1024K)]
  0x0000019f1e3c79c0 ConcurrentGCThread "G1 Service"                [id=10780, stack(0x00000082b2c00000,0x00000082b2d00000) (1024K)]
Total: 15

Threads with active compile tasks:
C2 CompilerThread0  11172 3460   !   4       java.net.URLClassLoader$1::run (81 bytes)
C2 CompilerThread1  11172 3478   !   4       java.net.URLClassLoader::findClass (47 bytes)
C2 CompilerThread2  11172 3459       4       java.net.URLClassLoader$1::run (5 bytes)
Total: 3

VM state: not at safepoint (normal execution)

VM Mutex/Monitor currently owned by a thread: None

Heap address: 0x0000000080000000, size: 2048 MB, Compressed Oops mode: 32-bit

CDS archive(s) not mapped
Compressed class space mapped at: 0x0000000100000000-0x0000000140000000, reserved size: 1073741824
Narrow klass base: 0x0000000000000000, Narrow klass shift: 3, Narrow klass range: 0x140000000

GC Precious Log:
 CardTable entry size: 512
 Card Set container configuration: InlinePtr #cards 5 size 8 Array Of Cards #cards 12 size 40 Howl #buckets 4 coarsen threshold 1843 Howl Bitmap #cards 512 size 80 coarsen threshold 460 Card regions per heap region 1 cards per card region 2048
 CPUs: 8 total, 8 available
 Memory: 8050M
 Large Page Support: Disabled
 NUMA Support: Disabled
 Compressed Oops: Enabled (32-bit)
 Heap Region Size: 1M
 Heap Min Capacity: 8M
 Heap Initial Capacity: 126M
 Heap Max Capacity: 2G
 Pre-touch: Disabled
 Parallel Workers: 8
 Concurrent Workers: 2
 Concurrent Refinement Workers: 8
 Periodic GC: Disabled

Heap:
 garbage-first heap   total 68608K, used 44860K [0x0000000080000000, 0x0000000100000000)
  region size 1024K, 24 young (24576K), 4 survivors (4096K)
 Metaspace       used 38662K, committed 39680K, reserved 1114112K
  class space    used 5258K, committed 5760K, reserved 1048576K

Heap Regions: E=young(eden), S=young(survivor), O=old, HS=humongous(starts), HC=humongous(continues), CS=collection set, F=free, TAMS=top-at-mark-start, PB=parsable bottom
|   0|0x0000000080000000, 0x0000000080100000, 0x0000000080100000|100%|HS|  |TAMS 0x0000000080000000| PB 0x0000000080000000| Complete 
|   1|0x0000000080100000, 0x0000000080200000, 0x0000000080200000|100%|HC|  |TAMS 0x0000000080100000| PB 0x0000000080100000| Complete 
|   2|0x0000000080200000, 0x0000000080300000, 0x0000000080300000|100%|HC|  |TAMS 0x0000000080200000| PB 0x0000000080200000| Complete 
|   3|0x0000000080300000, 0x0000000080400000, 0x0000000080400000|100%| O|  |TAMS 0x0000000080300000| PB 0x0000000080300000| Untracked 
|   4|0x0000000080400000, 0x0000000080500000, 0x0000000080500000|100%| O|  |TAMS 0x0000000080400000| PB 0x0000000080400000| Untracked 
|   5|0x0000000080500000, 0x0000000080600000, 0x0000000080600000|100%| O|  |TAMS 0x0000000080500000| PB 0x0000000080500000| Untracked 
|   6|0x0000000080600000, 0x0000000080700000, 0x0000000080700000|100%|HS|  |TAMS 0x0000000080600000| PB 0x0000000080600000| Complete 
|   7|0x0000000080700000, 0x0000000080800000, 0x0000000080800000|100%| O|  |TAMS 0x0000000080700000| PB 0x0000000080700000| Untracked 
|   8|0x0000000080800000, 0x0000000080900000, 0x0000000080900000|100%| O|  |TAMS 0x0000000080800000| PB 0x0000000080800000| Untracked 
|   9|0x0000000080900000, 0x0000000080a00000, 0x0000000080a00000|100%| O|  |TAMS 0x0000000080900000| PB 0x0000000080900000| Untracked 
|  10|0x0000000080a00000, 0x0000000080b00000, 0x0000000080b00000|100%| O|  |TAMS 0x0000000080a00000| PB 0x0000000080a00000| Untracked 
|  11|0x0000000080b00000, 0x0000000080c00000, 0x0000000080c00000|100%| O|  |TAMS 0x0000000080b00000| PB 0x0000000080b00000| Untracked 
|  12|0x0000000080c00000, 0x0000000080d00000, 0x0000000080d00000|100%| O|  |TAMS 0x0000000080c00000| PB 0x0000000080c00000| Untracked 
|  13|0x0000000080d00000, 0x0000000080e00000, 0x0000000080e00000|100%| O|  |TAMS 0x0000000080d00000| PB 0x0000000080d00000| Untracked 
|  14|0x0000000080e00000, 0x0000000080f00000, 0x0000000080f00000|100%| O|  |TAMS 0x0000000080e00000| PB 0x0000000080e00000| Untracked 
|  15|0x0000000080f00000, 0x0000000081000000, 0x0000000081000000|100%| O|  |TAMS 0x0000000080f00000| PB 0x0000000080f00000| Untracked 
|  16|0x0000000081000000, 0x0000000081100000, 0x0000000081100000|100%| O|Cm|TAMS 0x0000000081000000| PB 0x0000000081000000| Complete 
|  17|0x0000000081100000, 0x0000000081200000, 0x0000000081200000|100%| O|  |TAMS 0x0000000081100000| PB 0x0000000081100000| Untracked 
|  18|0x0000000081200000, 0x0000000081300000, 0x0000000081300000|100%| O|  |TAMS 0x0000000081200000| PB 0x0000000081200000| Untracked 
|  19|0x0000000081300000, 0x0000000081400000, 0x0000000081400000|100%| O|  |TAMS 0x0000000081300000| PB 0x0000000081300000| Untracked 
|  20|0x0000000081400000, 0x00000000814d9080, 0x0000000081500000| 84%| O|  |TAMS 0x0000000081400000| PB 0x0000000081400000| Untracked 
|  21|0x0000000081500000, 0x0000000081500000, 0x0000000081600000|  0%| F|  |TAMS 0x0000000081500000| PB 0x0000000081500000| Untracked 
|  22|0x0000000081600000, 0x0000000081600000, 0x0000000081700000|  0%| F|  |TAMS 0x0000000081600000| PB 0x0000000081600000| Untracked 
|  23|0x0000000081700000, 0x0000000081700000, 0x0000000081800000|  0%| F|  |TAMS 0x0000000081700000| PB 0x0000000081700000| Untracked 
|  24|0x0000000081800000, 0x0000000081800000, 0x0000000081900000|  0%| F|  |TAMS 0x0000000081800000| PB 0x0000000081800000| Untracked 
|  25|0x0000000081900000, 0x0000000081900000, 0x0000000081a00000|  0%| F|  |TAMS 0x0000000081900000| PB 0x0000000081900000| Untracked 
|  26|0x0000000081a00000, 0x0000000081a00000, 0x0000000081b00000|  0%| F|  |TAMS 0x0000000081a00000| PB 0x0000000081a00000| Untracked 
|  27|0x0000000081b00000, 0x0000000081b00000, 0x0000000081c00000|  0%| F|  |TAMS 0x0000000081b00000| PB 0x0000000081b00000| Untracked 
|  28|0x0000000081c00000, 0x0000000081c00000, 0x0000000081d00000|  0%| F|  |TAMS 0x0000000081c00000| PB 0x0000000081c00000| Untracked 
|  29|0x0000000081d00000, 0x0000000081d00000, 0x0000000081e00000|  0%| F|  |TAMS 0x0000000081d00000| PB 0x0000000081d00000| Untracked 
|  30|0x0000000081e00000, 0x0000000081e00000, 0x0000000081f00000|  0%| F|  |TAMS 0x0000000081e00000| PB 0x0000000081e00000| Untracked 
|  31|0x0000000081f00000, 0x0000000081f00000, 0x0000000082000000|  0%| F|  |TAMS 0x0000000081f00000| PB 0x0000000081f00000| Untracked 
|  32|0x0000000082000000, 0x0000000082000000, 0x0000000082100000|  0%| F|  |TAMS 0x0000000082000000| PB 0x0000000082000000| Untracked 
|  33|0x0000000082100000, 0x0000000082100000, 0x0000000082200000|  0%| F|  |TAMS 0x0000000082100000| PB 0x0000000082100000| Untracked 
|  34|0x0000000082200000, 0x0000000082200000, 0x0000000082300000|  0%| F|  |TAMS 0x0000000082200000| PB 0x0000000082200000| Untracked 
|  35|0x0000000082300000, 0x0000000082300000, 0x0000000082400000|  0%| F|  |TAMS 0x0000000082300000| PB 0x0000000082300000| Untracked 
|  36|0x0000000082400000, 0x0000000082400000, 0x0000000082500000|  0%| F|  |TAMS 0x0000000082400000| PB 0x0000000082400000| Untracked 
|  37|0x0000000082500000, 0x0000000082500000, 0x0000000082600000|  0%| F|  |TAMS 0x0000000082500000| PB 0x0000000082500000| Untracked 
|  38|0x0000000082600000, 0x0000000082600000, 0x0000000082700000|  0%| F|  |TAMS 0x0000000082600000| PB 0x0000000082600000| Untracked 
|  39|0x0000000082700000, 0x00000000827f6130, 0x0000000082800000| 96%| S|CS|TAMS 0x0000000082700000| PB 0x0000000082700000| Complete 
|  40|0x0000000082800000, 0x0000000082900000, 0x0000000082900000|100%| S|CS|TAMS 0x0000000082800000| PB 0x0000000082800000| Complete 
|  41|0x0000000082900000, 0x0000000082a00000, 0x0000000082a00000|100%| S|CS|TAMS 0x0000000082900000| PB 0x0000000082900000| Complete 
|  42|0x0000000082a00000, 0x0000000082b00000, 0x0000000082b00000|100%| S|CS|TAMS 0x0000000082a00000| PB 0x0000000082a00000| Complete 
|  43|0x0000000082b00000, 0x0000000082b00000, 0x0000000082c00000|  0%| F|  |TAMS 0x0000000082b00000| PB 0x0000000082b00000| Untracked 
|  44|0x0000000082c00000, 0x0000000082c00000, 0x0000000082d00000|  0%| F|  |TAMS 0x0000000082c00000| PB 0x0000000082c00000| Untracked 
|  45|0x0000000082d00000, 0x0000000082d00000, 0x0000000082e00000|  0%| F|  |TAMS 0x0000000082d00000| PB 0x0000000082d00000| Untracked 
|  46|0x0000000082e00000, 0x0000000082e00000, 0x0000000082f00000|  0%| F|  |TAMS 0x0000000082e00000| PB 0x0000000082e00000| Untracked 
|  47|0x0000000082f00000, 0x0000000083000000, 0x0000000083000000|100%| E|  |TAMS 0x0000000082f00000| PB 0x0000000082f00000| Complete 
|  48|0x0000000083000000, 0x0000000083100000, 0x0000000083100000|100%| E|CS|TAMS 0x0000000083000000| PB 0x0000000083000000| Complete 
|  49|0x0000000083100000, 0x0000000083200000, 0x0000000083200000|100%| E|CS|TAMS 0x0000000083100000| PB 0x0000000083100000| Complete 
|  50|0x0000000083200000, 0x0000000083300000, 0x0000000083300000|100%| E|CS|TAMS 0x0000000083200000| PB 0x0000000083200000| Complete 
|  51|0x0000000083300000, 0x0000000083400000, 0x0000000083400000|100%| E|CS|TAMS 0x0000000083300000| PB 0x0000000083300000| Complete 
|  52|0x0000000083400000, 0x0000000083500000, 0x0000000083500000|100%| E|CS|TAMS 0x0000000083400000| PB 0x0000000083400000| Complete 
|  53|0x0000000083500000, 0x0000000083600000, 0x0000000083600000|100%| E|CS|TAMS 0x0000000083500000| PB 0x0000000083500000| Complete 
|  54|0x0000000083600000, 0x0000000083700000, 0x0000000083700000|100%| E|CS|TAMS 0x0000000083600000| PB 0x0000000083600000| Complete 
|  55|0x0000000083700000, 0x0000000083800000, 0x0000000083800000|100%| E|CS|TAMS 0x0000000083700000| PB 0x0000000083700000| Complete 
|  56|0x0000000083800000, 0x0000000083900000, 0x0000000083900000|100%| E|CS|TAMS 0x0000000083800000| PB 0x0000000083800000| Complete 
|  57|0x0000000083900000, 0x0000000083a00000, 0x0000000083a00000|100%| E|CS|TAMS 0x0000000083900000| PB 0x0000000083900000| Complete 
|  58|0x0000000083a00000, 0x0000000083b00000, 0x0000000083b00000|100%| E|CS|TAMS 0x0000000083a00000| PB 0x0000000083a00000| Complete 
|  59|0x0000000083b00000, 0x0000000083c00000, 0x0000000083c00000|100%| E|CS|TAMS 0x0000000083b00000| PB 0x0000000083b00000| Complete 
|  60|0x0000000083c00000, 0x0000000083d00000, 0x0000000083d00000|100%| E|CS|TAMS 0x0000000083c00000| PB 0x0000000083c00000| Complete 
|  61|0x0000000083d00000, 0x0000000083e00000, 0x0000000083e00000|100%| E|CS|TAMS 0x0000000083d00000| PB 0x0000000083d00000| Complete 
|  99|0x0000000086300000, 0x0000000086400000, 0x0000000086400000|100%| E|CS|TAMS 0x0000000086300000| PB 0x0000000086300000| Complete 
| 100|0x0000000086400000, 0x0000000086500000, 0x0000000086500000|100%| E|CS|TAMS 0x0000000086400000| PB 0x0000000086400000| Complete 
| 101|0x0000000086500000, 0x0000000086600000, 0x0000000086600000|100%| E|CS|TAMS 0x0000000086500000| PB 0x0000000086500000| Complete 
| 124|0x0000000087c00000, 0x0000000087d00000, 0x0000000087d00000|100%| E|CS|TAMS 0x0000000087c00000| PB 0x0000000087c00000| Complete 
| 125|0x0000000087d00000, 0x0000000087e00000, 0x0000000087e00000|100%| E|CS|TAMS 0x0000000087d00000| PB 0x0000000087d00000| Complete 

Card table byte_map: [0x0000019f19700000,0x0000019f19b00000] _byte_map_base: 0x0000019f19300000

Marking Bits: (CMBitMap*) 0x0000019f06ed5670
 Bits: [0x0000019f19b00000, 0x0000019f1bb00000)

Polling page: 0x0000019f04cb0000

Metaspace:

Usage:
  Non-class:     32.62 MB used.
      Class:      5.14 MB used.
       Both:     37.76 MB used.

Virtual space:
  Non-class space:       64.00 MB reserved,      33.12 MB ( 52%) committed,  1 nodes.
      Class space:        1.00 GB reserved,       5.62 MB ( <1%) committed,  1 nodes.
             Both:        1.06 GB reserved,      38.75 MB (  4%) committed. 

Chunk freelists:
   Non-Class:  14.01 MB
       Class:  10.37 MB
        Both:  24.38 MB

MaxMetaspaceSize: unlimited
CompressedClassSpaceSize: 1.00 GB
Initial GC threshold: 21.00 MB
Current GC threshold: 59.00 MB
CDS: off
 - commit_granule_bytes: 65536.
 - commit_granule_words: 8192.
 - virtual_space_node_default_size: 8388608.
 - enlarge_chunks_in_place: 1.
 - use_allocation_guard: 0.


Internal statistics:

num_allocs_failed_limit: 6.
num_arena_births: 1566.
num_arena_deaths: 0.
num_vsnodes_births: 2.
num_vsnodes_deaths: 0.
num_space_committed: 620.
num_space_uncommitted: 0.
num_chunks_returned_to_freelist: 6.
num_chunks_taken_from_freelist: 2897.
num_chunk_merges: 6.
num_chunk_splits: 1863.
num_chunks_enlarged: 1157.
num_inconsistent_stats: 0.

CodeHeap 'non-profiled nmethods': size=120000Kb used=1815Kb max_used=2023Kb free=118184Kb
 bounds [0x0000019f11aa0000, 0x0000019f11d10000, 0x0000019f18fd0000]
CodeHeap 'profiled nmethods': size=120000Kb used=6072Kb max_used=6504Kb free=113927Kb
 bounds [0x0000019f09fd0000, 0x0000019f0a630000, 0x0000019f11500000]
CodeHeap 'non-nmethods': size=5760Kb used=1494Kb max_used=1569Kb free=4266Kb
 bounds [0x0000019f11500000, 0x0000019f11770000, 0x0000019f11aa0000]
 total_blobs=3708 nmethods=3122 adapters=490
 compilation: enabled
              stopped_count=0, restarted_count=0
 full_count=0

Compilation events (20 events):
Event: 7.084 Thread 0x0000019f1e736140 3520       3       java.lang.ref.SoftReference::<init> (14 bytes)
Event: 7.084 Thread 0x0000019f1e736140 nmethod 3520 0x0000019f0a06de90 code [0x0000019f0a06e040, 0x0000019f0a06e320]
Event: 7.085 Thread 0x0000019f1e736140 3521       3       org.codehaus.groovy.util.LazyReference::get (44 bytes)
Event: 7.085 Thread 0x0000019f1e736140 nmethod 3521 0x0000019f0a1cb690 code [0x0000019f0a1cb880, 0x0000019f0a1cbc58]
Event: 7.085 Thread 0x0000019f1e736140 3522       1       org.codehaus.groovy.util.ReferenceManager::getReferenceQueue (5 bytes)
Event: 7.086 Thread 0x0000019f1e736140 nmethod 3522 0x0000019f11b9ad10 code [0x0000019f11b9aea0, 0x0000019f11b9af68]
Event: 7.086 Thread 0x0000019f1e736140 3523       1       org.codehaus.groovy.util.ReferenceBundle::getType (5 bytes)
Event: 7.086 Thread 0x0000019f1e736140 nmethod 3523 0x0000019f11b9aa10 code [0x0000019f11b9aba0, 0x0000019f11b9ac68]
Event: 7.086 Thread 0x0000019f1e736140 3525       3       org.codehaus.groovy.util.LazyReference::<init> (17 bytes)
Event: 7.086 Thread 0x0000019f1e736140 nmethod 3525 0x0000019f0a232f90 code [0x0000019f0a233160, 0x0000019f0a2334a8]
Event: 7.086 Thread 0x0000019f1e736140 3524       1       org.codehaus.groovy.util.ReferenceBundle::getManager (5 bytes)
Event: 7.086 Thread 0x0000019f1e736140 nmethod 3524 0x0000019f11b9a710 code [0x0000019f11b9a8a0, 0x0000019f11b9a968]
Event: 7.112 Thread 0x0000019f1e736140 3526   !   3       java.util.concurrent.locks.AbstractQueuedSynchronizer::tryInitializeHead (66 bytes)
Event: 7.112 Thread 0x0000019f1e736140 nmethod 3526 0x0000019f0a233f90 code [0x0000019f0a234180, 0x0000019f0a234718]
Event: 7.144 Thread 0x0000019f1e736140 3527       3       java.util.concurrent.locks.ReentrantLock::lockInterruptibly (8 bytes)
Event: 7.144 Thread 0x0000019f1e736140 nmethod 3527 0x0000019f0a019510 code [0x0000019f0a019720, 0x0000019f0a019ca0]
Event: 7.144 Thread 0x0000019f1e736140 3528       3       java.util.concurrent.locks.ReentrantLock$Sync::lockInterruptibly (27 bytes)
Event: 7.144 Thread 0x0000019f1e736140 nmethod 3528 0x0000019f0a09d690 code [0x0000019f0a09d8a0, 0x0000019f0a09ddb8]
Event: 7.144 Thread 0x0000019f1e736140 3529       3       java.util.concurrent.locks.AbstractQueuedSynchronizer$ConditionObject::enableWait (84 bytes)
Event: 11.112 Thread 0x0000019f1e736140 nmethod 3529 0x0000019f0a181510 code [0x0000019f0a181740, 0x0000019f0a181e60]

GC Heap History (14 events):
Event: 0.909 GC heap before
{Heap before GC invocations=0 (full 0):
 garbage-first heap   total 129024K, used 23552K [0x0000000080000000, 0x0000000100000000)
  region size 1024K, 23 young (23552K), 0 survivors (0K)
 Metaspace       used 7975K, committed 8128K, reserved 1114112K
  class space    used 709K, committed 768K, reserved 1048576K
}
Event: 0.913 GC heap after
{Heap after GC invocations=1 (full 0):
 garbage-first heap   total 129024K, used 2730K [0x0000000080000000, 0x0000000100000000)
  region size 1024K, 3 young (3072K), 3 survivors (3072K)
 Metaspace       used 7975K, committed 8128K, reserved 1114112K
  class space    used 709K, committed 768K, reserved 1048576K
}
Event: 1.856 GC heap before
{Heap before GC invocations=1 (full 0):
 garbage-first heap   total 129024K, used 40618K [0x0000000080000000, 0x0000000100000000)
  region size 1024K, 38 young (38912K), 3 survivors (3072K)
 Metaspace       used 12179K, committed 12352K, reserved 1114112K
  class space    used 1286K, committed 1344K, reserved 1048576K
}
Event: 1.865 GC heap after
{Heap after GC invocations=2 (full 0):
 garbage-first heap   total 129024K, used 10659K [0x0000000080000000, 0x0000000100000000)
  region size 1024K, 5 young (5120K), 5 survivors (5120K)
 Metaspace       used 12179K, committed 12352K, reserved 1114112K
  class space    used 1286K, committed 1344K, reserved 1048576K
}
Event: 2.786 GC heap before
{Heap before GC invocations=2 (full 0):
 garbage-first heap   total 129024K, used 60835K [0x0000000080000000, 0x0000000100000000)
  region size 1024K, 52 young (53248K), 5 survivors (5120K)
 Metaspace       used 14724K, committed 14976K, reserved 1114112K
  class space    used 1609K, committed 1728K, reserved 1048576K
}
Event: 2.798 GC heap after
{Heap after GC invocations=3 (full 0):
 garbage-first heap   total 129024K, used 17550K [0x0000000080000000, 0x0000000100000000)
  region size 1024K, 6 young (6144K), 6 survivors (6144K)
 Metaspace       used 14724K, committed 14976K, reserved 1114112K
  class space    used 1609K, committed 1728K, reserved 1048576K
}
Event: 3.883 GC heap before
{Heap before GC invocations=3 (full 0):
 garbage-first heap   total 129024K, used 41102K [0x0000000080000000, 0x0000000100000000)
  region size 1024K, 30 young (30720K), 6 survivors (6144K)
 Metaspace       used 21139K, committed 21504K, reserved 1114112K
  class space    used 2439K, committed 2624K, reserved 1048576K
}
Event: 3.890 GC heap after
{Heap after GC invocations=4 (full 0):
 garbage-first heap   total 129024K, used 19965K [0x0000000080000000, 0x0000000100000000)
  region size 1024K, 3 young (3072K), 3 survivors (3072K)
 Metaspace       used 21139K, committed 21504K, reserved 1114112K
  class space    used 2439K, committed 2624K, reserved 1048576K
}
Event: 4.885 GC heap before
{Heap before GC invocations=5 (full 0):
 garbage-first heap   total 68608K, used 56829K [0x0000000080000000, 0x0000000100000000)
  region size 1024K, 40 young (40960K), 3 survivors (3072K)
 Metaspace       used 27576K, committed 28096K, reserved 1114112K
  class space    used 3418K, committed 3648K, reserved 1048576K
}
Event: 4.890 GC heap after
{Heap after GC invocations=6 (full 0):
 garbage-first heap   total 68608K, used 21572K [0x0000000080000000, 0x0000000100000000)
  region size 1024K, 5 young (5120K), 5 survivors (5120K)
 Metaspace       used 27576K, committed 28096K, reserved 1114112K
  class space    used 3418K, committed 3648K, reserved 1048576K
}
Event: 5.987 GC heap before
{Heap before GC invocations=6 (full 0):
 garbage-first heap   total 68608K, used 53316K [0x0000000080000000, 0x0000000100000000)
  region size 1024K, 37 young (37888K), 5 survivors (5120K)
 Metaspace       used 31804K, committed 32512K, reserved 1114112K
  class space    used 4152K, committed 4480K, reserved 1048576K
}
Event: 5.993 GC heap after
{Heap after GC invocations=7 (full 0):
 garbage-first heap   total 68608K, used 23892K [0x0000000080000000, 0x0000000100000000)
  region size 1024K, 5 young (5120K), 5 survivors (5120K)
 Metaspace       used 31804K, committed 32512K, reserved 1114112K
  class space    used 4152K, committed 4480K, reserved 1048576K
}
Event: 6.570 GC heap before
{Heap before GC invocations=7 (full 0):
 garbage-first heap   total 68608K, used 46420K [0x0000000080000000, 0x0000000100000000)
  region size 1024K, 29 young (29696K), 5 survivors (5120K)
 Metaspace       used 35294K, committed 36096K, reserved 1114112K
  class space    used 4710K, committed 5120K, reserved 1048576K
}
Event: 6.576 GC heap after
{Heap after GC invocations=8 (full 0):
 garbage-first heap   total 68608K, used 25404K [0x0000000080000000, 0x0000000100000000)
  region size 1024K, 4 young (4096K), 4 survivors (4096K)
 Metaspace       used 35294K, committed 36096K, reserved 1114112K
  class space    used 4710K, committed 5120K, reserved 1048576K
}

Dll operation events (3 events):
Event: 0.018 Loaded shared library C:\Program Files\Android\Android Studio\jbr\bin\java.dll
Event: 0.095 Loaded shared library C:\Program Files\Android\Android Studio\jbr\bin\zip.dll
Event: 1.025 Loaded shared library C:\Program Files\Android\Android Studio\jbr\bin\verify.dll

Deoptimization events (20 events):
Event: 6.852 Thread 0x0000019f24a62db0 Uncommon trap: trap_request=0xffffff45 fr.pc=0x0000019f11c0b0d8 relative=0x0000000000000938
Event: 6.852 Thread 0x0000019f24a62db0 Uncommon trap: reason=unstable_if action=reinterpret pc=0x0000019f11c0b0d8 method=java.lang.Class.getPackageName()Ljava/lang/String; @ 55 c2
Event: 6.852 Thread 0x0000019f24a62db0 DEOPT PACKING pc=0x0000019f11c0b0d8 sp=0x00000082b47fa2e0
Event: 6.852 Thread 0x0000019f24a62db0 DEOPT UNPACKING pc=0x0000019f115546a2 sp=0x00000082b47fa2b0 mode 2
Event: 7.031 Thread 0x0000019f24a62db0 Uncommon trap: trap_request=0xffffffde fr.pc=0x0000019f11aec188 relative=0x0000000000001388
Event: 7.031 Thread 0x0000019f24a62db0 Uncommon trap: reason=class_check action=maybe_recompile pc=0x0000019f11aec188 method=java.io.BufferedInputStream.implRead([BII)I @ 100 c2
Event: 7.031 Thread 0x0000019f24a62db0 DEOPT PACKING pc=0x0000019f11aec188 sp=0x00000082b47f8460
Event: 7.031 Thread 0x0000019f24a62db0 DEOPT UNPACKING pc=0x0000019f115546a2 sp=0x00000082b47f8340 mode 2
Event: 7.032 Thread 0x0000019f24a62db0 Uncommon trap: trap_request=0xffffffde fr.pc=0x0000019f11aec188 relative=0x0000000000001388
Event: 7.032 Thread 0x0000019f24a62db0 Uncommon trap: reason=class_check action=maybe_recompile pc=0x0000019f11aec188 method=java.io.BufferedInputStream.implRead([BII)I @ 100 c2
Event: 7.032 Thread 0x0000019f24a62db0 DEOPT PACKING pc=0x0000019f11aec188 sp=0x00000082b47f8460
Event: 7.032 Thread 0x0000019f24a62db0 DEOPT UNPACKING pc=0x0000019f115546a2 sp=0x00000082b47f8340 mode 2
Event: 7.032 Thread 0x0000019f24a62db0 Uncommon trap: trap_request=0xffffffde fr.pc=0x0000019f11adc130 relative=0x0000000000000f50
Event: 7.032 Thread 0x0000019f24a62db0 Uncommon trap: reason=class_check action=maybe_recompile pc=0x0000019f11adc130 method=java.io.BufferedInputStream.implRead([BII)I @ 100 c2
Event: 7.032 Thread 0x0000019f24a62db0 DEOPT PACKING pc=0x0000019f11adc130 sp=0x00000082b47f83d0
Event: 7.032 Thread 0x0000019f24a62db0 DEOPT UNPACKING pc=0x0000019f115546a2 sp=0x00000082b47f8338 mode 2
Event: 7.033 Thread 0x0000019f24a62db0 Uncommon trap: trap_request=0xffffffde fr.pc=0x0000019f11b15834 relative=0x0000000000000b54
Event: 7.033 Thread 0x0000019f24a62db0 Uncommon trap: reason=class_check action=maybe_recompile pc=0x0000019f11b15834 method=java.io.BufferedInputStream.implRead([BII)I @ 100 c2
Event: 7.033 Thread 0x0000019f24a62db0 DEOPT PACKING pc=0x0000019f11b15834 sp=0x00000082b47f8300
Event: 7.033 Thread 0x0000019f24a62db0 DEOPT UNPACKING pc=0x0000019f115546a2 sp=0x00000082b47f82e8 mode 2

Classes loaded (20 events):
Event: 6.879 Loading class java/util/stream/IntPipeline$1$1 done
Event: 6.896 Loading class java/lang/IllegalAccessError
Event: 6.896 Loading class java/lang/IllegalAccessError done
Event: 6.905 Loading class java/lang/Process
Event: 6.906 Loading class java/lang/Process done
Event: 6.906 Loading class java/lang/ProcessBuilder
Event: 6.906 Loading class java/lang/ProcessBuilder done
Event: 7.000 Loading class java/lang/InstantiationException
Event: 7.001 Loading class java/lang/InstantiationException done
Event: 7.001 Loading class java/util/EventListener
Event: 7.001 Loading class java/util/EventListener done
Event: 7.016 Loading class java/util/BitSet
Event: 7.016 Loading class java/util/BitSet done
Event: 7.025 Loading class java/util/TimerTask
Event: 7.025 Loading class java/util/TimerTask done
Event: 7.025 Loading class java/util/Timer
Event: 7.025 Loading class java/util/Timer done
Event: 7.072 Loading class java/security/AccessControlException
Event: 7.072 Loading class java/security/AccessControlException done
Event: 7.086 Loading class java/lang/invoke/MethodHandleImpl$BindCaller

Classes unloaded (0 events):
No events

Classes redefined (0 events):
No events

Internal exceptions (20 events):
Event: 6.193 Thread 0x0000019f24a62db0 Exception <a 'java/lang/NoSuchMethodError'{0x0000000083a5d438}: 'java.lang.Object java.lang.invoke.DirectMethodHandle$Holder.invokeVirtual(java.lang.Object, java.lang.Object, java.lang.Object, java.lang.Object, java.lang.Object, java.lang.Object, java.lang.Object, java.lang.Object, java.lang.Object, java.lang.Object, java.lang.Object, java.lang.Object, java.lang.Object)'> (0x0000000083a5d438) 
thrown [s\src\hotspot\share\interpreter\linkResolver.cpp, line 784]
Event: 6.193 Thread 0x0000019f24a62db0 Exception <a 'java/lang/NoSuchMethodError'{0x0000000083a62670}: 'java.lang.Object java.lang.invoke.DirectMethodHandle$Holder.invokeSpecial(java.lang.Object, java.lang.Object, java.lang.Object, java.lang.Object, java.lang.Object, java.lang.Object, java.lang.Object, java.lang.Object, java.lang.Object, java.lang.Object, java.lang.Object, java.lang.Object, java.lang.Object, java.lang.Object)'> (0x0000000083a62670) 
thrown [s\src\hotspot\share\interpreter\linkResolver.cpp, line 784]
Event: 6.193 Thread 0x0000019f24a62db0 Exception <a 'java/lang/NoSuchMethodError'{0x0000000083a673c0}: 'java.lang.Object java.lang.invoke.DelegatingMethodHandle$Holder.reinvoke_L(java.lang.Object, java.lang.Object, java.lang.Object, java.lang.Object, java.lang.Object, java.lang.Object, java.lang.Object, java.lang.Object, java.lang.Object, java.lang.Object, java.lang.Object, java.lang.Object, java.lang.Object)'> (0x0000000083a673c0) 
thrown [s\src\hotspot\share\interpreter\linkResolver.cpp, line 784]
Event: 6.234 Thread 0x0000019f24a62db0 Exception <a 'java/lang/NoSuchMethodError'{0x00000000839f2658}: 'void java.lang.invoke.DirectMethodHandle$Holder.invokeStaticInit(java.lang.Object, java.lang.Object)'> (0x00000000839f2658) 
thrown [s\src\hotspot\share\interpreter\linkResolver.cpp, line 784]
Event: 6.334 Thread 0x0000019f24a62db0 Exception <a 'java/lang/NoSuchMethodError'{0x00000000835d2ea8}: 'java.lang.Object java.lang.invoke.DirectMethodHandle$Holder.newInvokeSpecial(java.lang.Object, java.lang.Object, java.lang.Object, java.lang.Object, java.lang.Object, java.lang.Object, java.lang.Object, java.lang.Object, java.lang.Object)'> (0x00000000835d2ea8) 
thrown [s\src\hotspot\share\interpreter\linkResolver.cpp, line 784]
Event: 6.417 Thread 0x0000019f24a62db0 Exception <a 'java/lang/NoSuchMethodError'{0x00000000832763c0}: 'int java.lang.invoke.DirectMethodHandle$Holder.invokeVirtual(java.lang.Object, java.lang.Object)'> (0x00000000832763c0) 
thrown [s\src\hotspot\share\interpreter\linkResolver.cpp, line 784]
Event: 6.480 Thread 0x0000019f24a62db0 Exception <a 'java/lang/NoSuchMethodError'{0x0000000082f65880}: 'void java.lang.invoke.DirectMethodHandle$Holder.invokeInterface(java.lang.Object, java.lang.Object, java.lang.Object, java.lang.Object, java.lang.Object)'> (0x0000000082f65880) 
thrown [s\src\hotspot\share\interpreter\linkResolver.cpp, line 784]
Event: 6.487 Thread 0x0000019f24a62db0 Exception <a 'java/lang/NoSuchMethodError'{0x0000000082fa0de0}: 'void java.lang.invoke.DirectMethodHandle$Holder.invokeStatic(java.lang.Object, java.lang.Object, java.lang.Object, java.lang.Object, java.lang.Object, java.lang.Object)'> (0x0000000082fa0de0) 
thrown [s\src\hotspot\share\interpreter\linkResolver.cpp, line 784]
Event: 6.665 Thread 0x0000019f24a62db0 Exception <a 'java/lang/IncompatibleClassChangeError'{0x00000000864bc1f0}: Found class java.lang.Object, but interface was expected> (0x00000000864bc1f0) 
thrown [s\src\hotspot\share\interpreter\linkResolver.cpp, line 851]
Event: 6.682 Thread 0x0000019f24a62db0 Exception <a 'java/lang/NoSuchMethodError'{0x00000000863eb5a0}: 'java.lang.Object java.lang.invoke.DirectMethodHandle$Holder.newInvokeSpecial(java.lang.Object, java.lang.Object, long)'> (0x00000000863eb5a0) 
thrown [s\src\hotspot\share\interpreter\linkResolver.cpp, line 784]
Event: 6.682 Thread 0x0000019f24a62db0 Exception <a 'java/lang/NoSuchMethodError'{0x00000000863ef988}: 'java.lang.Object java.lang.invoke.Invokers$Holder.linkToTargetMethod(java.lang.Object, long, java.lang.Object)'> (0x00000000863ef988) 
thrown [s\src\hotspot\share\interpreter\linkResolver.cpp, line 784]
Event: 6.739 Thread 0x0000019f24a62db0 Exception <a 'java/lang/NoSuchMethodError'{0x0000000083cc6bf8}: 'int java.lang.invoke.DirectMethodHandle$Holder.invokeInterface(java.lang.Object, java.lang.Object)'> (0x0000000083cc6bf8) 
thrown [s\src\hotspot\share\interpreter\linkResolver.cpp, line 784]
Event: 6.751 Thread 0x0000019f24a62db0 Exception <a 'java/lang/NoSuchMethodError'{0x0000000083b4fa50}: 'java.lang.Object java.lang.invoke.DirectMethodHandle$Holder.invokeVirtual(java.lang.Object, java.lang.Object, int)'> (0x0000000083b4fa50) 
thrown [s\src\hotspot\share\interpreter\linkResolver.cpp, line 784]
Event: 6.768 Thread 0x0000019f24a62db0 Exception <a 'java/lang/NoSuchMethodError'{0x0000000083a03f08}: 'java.lang.Object java.lang.invoke.DirectMethodHandle$Holder.invokeStatic(java.lang.Object, java.lang.Object, int, java.lang.Object)'> (0x0000000083a03f08) 
thrown [s\src\hotspot\share\interpreter\linkResolver.cpp, line 784]
Event: 6.769 Thread 0x0000019f24a62db0 Exception <a 'java/lang/NoSuchMethodError'{0x0000000083a0b360}: 'java.lang.Object java.lang.invoke.DirectMethodHandle$Holder.newInvokeSpecial(java.lang.Object, java.lang.Object, int, java.lang.Object)'> (0x0000000083a0b360) 
thrown [s\src\hotspot\share\interpreter\linkResolver.cpp, line 784]
Event: 6.769 Thread 0x0000019f24a62db0 Exception <a 'java/lang/NoSuchMethodError'{0x0000000083a0fb38}: 'java.lang.Object java.lang.invoke.DirectMethodHandle$Holder.invokeSpecial(java.lang.Object, java.lang.Object, java.lang.Object, int, java.lang.Object)'> (0x0000000083a0fb38) 
thrown [s\src\hotspot\share\interpreter\linkResolver.cpp, line 784]
Event: 6.841 Thread 0x0000019f24a62db0 Exception <a 'java/lang/NoSuchMethodError'{0x00000000838a3ff8}: 'void java.lang.invoke.DirectMethodHandle$Holder.invokeInterface(java.lang.Object, java.lang.Object, java.lang.Object, java.lang.Object, java.lang.Object, java.lang.Object, java.lang.Object)'> (0x00000000838a3ff8) 
thrown [s\src\hotspot\share\interpreter\linkResolver.cpp, line 784]
Event: 6.841 Thread 0x0000019f24a62db0 Exception <a 'java/lang/NoSuchMethodError'{0x00000000838a8980}: 'void java.lang.invoke.DelegatingMethodHandle$Holder.reinvoke_L(java.lang.Object, java.lang.Object, java.lang.Object, java.lang.Object, java.lang.Object, java.lang.Object, java.lang.Object)'> (0x00000000838a8980) 
thrown [s\src\hotspot\share\interpreter\linkResolver.cpp, line 784]
Event: 6.904 Thread 0x0000019f24a62db0 Exception <a 'java/lang/NoSuchMethodError'{0x00000000836bc268}: 'java.lang.Object java.lang.invoke.DirectMethodHandle$Holder.invokeStaticInit(java.lang.Object, java.lang.Object, java.lang.Object, java.lang.Object, java.lang.Object, java.lang.Object, java.lang.Object)'> (0x00000000836bc268) 
thrown [s\src\hotspot\share\interpreter\linkResolver.cpp, line 784]
Event: 6.911 Thread 0x0000019f24a62db0 Exception <a 'java/lang/NoSuchMethodError'{0x00000000836e19b0}: 'java.lang.Object java.lang.invoke.DirectMethodHandle$Holder.invokeSpecial(java.lang.Object, java.lang.Object, java.lang.Object, int, java.lang.Object, java.lang.Object)'> (0x00000000836e19b0) 
thrown [s\src\hotspot\share\interpreter\linkResolver.cpp, line 784]

ZGC Phase Switch (0 events):
No events

VM Operations (20 events):
Event: 6.451 Executing VM operation: HandshakeAllThreads (Deoptimize) done
Event: 6.570 Executing VM operation: CollectForMetadataAllocation (Metadata GC Threshold)
Event: 6.576 Executing VM operation: CollectForMetadataAllocation (Metadata GC Threshold) done
Event: 6.595 Executing VM operation: G1PauseRemark
Event: 6.598 Executing VM operation: G1PauseRemark done
Event: 6.605 Executing VM operation: G1PauseCleanup
Event: 6.605 Executing VM operation: G1PauseCleanup done
Event: 6.663 Executing VM operation: HandshakeAllThreads (Deoptimize)
Event: 6.664 Executing VM operation: HandshakeAllThreads (Deoptimize) done
Event: 6.668 Executing VM operation: HandshakeAllThreads (Deoptimize)
Event: 6.668 Executing VM operation: HandshakeAllThreads (Deoptimize) done
Event: 6.685 Executing VM operation: HandshakeAllThreads (Deoptimize)
Event: 6.685 Executing VM operation: HandshakeAllThreads (Deoptimize) done
Event: 6.846 Executing VM operation: HandshakeAllThreads (Deoptimize)
Event: 6.847 Executing VM operation: HandshakeAllThreads (Deoptimize) done
Event: 6.848 Executing VM operation: HandshakeAllThreads (Deoptimize)
Event: 6.848 Executing VM operation: HandshakeAllThreads (Deoptimize) done
Event: 7.073 Executing VM operation: HandshakeAllThreads (Deoptimize)
Event: 7.073 Executing VM operation: HandshakeAllThreads (Deoptimize) done
Event: 8.082 Executing VM operation: Cleanup

Memory protections (0 events):
No events

Nmethod flushes (20 events):
Event: 6.597 Thread 0x0000019f1e557580 flushing  nmethod 0x0000019f0a115f10
Event: 6.597 Thread 0x0000019f1e557580 flushing  nmethod 0x0000019f0a116910
Event: 6.597 Thread 0x0000019f1e557580 flushing  nmethod 0x0000019f0a11ab10
Event: 6.597 Thread 0x0000019f1e557580 flushing  nmethod 0x0000019f0a11b890
Event: 6.597 Thread 0x0000019f1e557580 flushing  nmethod 0x0000019f0a142a10
Event: 6.597 Thread 0x0000019f1e557580 flushing  nmethod 0x0000019f0a143410
Event: 6.597 Thread 0x0000019f1e557580 flushing  nmethod 0x0000019f0a143b10
Event: 6.597 Thread 0x0000019f1e557580 flushing  nmethod 0x0000019f0a144110
Event: 6.597 Thread 0x0000019f1e557580 flushing  nmethod 0x0000019f0a146610
Event: 6.597 Thread 0x0000019f1e557580 flushing  nmethod 0x0000019f0a198e90
Event: 6.597 Thread 0x0000019f1e557580 flushing  nmethod 0x0000019f0a1a1390
Event: 6.597 Thread 0x0000019f1e557580 flushing  nmethod 0x0000019f0a1a2390
Event: 6.597 Thread 0x0000019f1e557580 flushing  nmethod 0x0000019f0a1ef790
Event: 6.597 Thread 0x0000019f1e557580 flushing  nmethod 0x0000019f0a1f1410
Event: 6.597 Thread 0x0000019f1e557580 flushing  nmethod 0x0000019f0a1f4390
Event: 6.597 Thread 0x0000019f1e557580 flushing  nmethod 0x0000019f0a22b990
Event: 6.597 Thread 0x0000019f1e557580 flushing  nmethod 0x0000019f0a22f290
Event: 6.597 Thread 0x0000019f1e557580 flushing  nmethod 0x0000019f0a2c1010
Event: 6.597 Thread 0x0000019f1e557580 flushing  nmethod 0x0000019f0a2c3590
Event: 6.597 Thread 0x0000019f1e557580 flushing  nmethod 0x0000019f0a413d90

Events (20 events):
Event: 3.636 Thread 0x0000019f24b91060 Thread added: 0x0000019f24ba1c50
Event: 3.711 Thread 0x0000019f24b91060 Thread added: 0x0000019f24a612d0
Event: 3.723 Thread 0x0000019f24b91060 Thread added: 0x0000019f24a62db0
Event: 3.741 Thread 0x0000019f24a62db0 Thread added: 0x0000019f2496dea0
Event: 3.754 Thread 0x0000019f24a62db0 Thread added: 0x0000019f2496e530
Event: 3.757 Thread 0x0000019f24a62db0 Thread added: 0x0000019f2496ebc0
Event: 4.404 Thread 0x0000019f24a62db0 Thread added: 0x0000019f2496d810
Event: 4.413 Thread 0x0000019f24a62db0 Thread added: 0x0000019f2496f250
Event: 4.453 Thread 0x0000019f24a62db0 Thread added: 0x0000019f2496d180
Event: 4.738 Thread 0x0000019f1e736140 Thread added: 0x0000019f25388390
Event: 5.061 Thread 0x0000019f25388390 Thread exited: 0x0000019f25388390
Event: 5.194 Thread 0x0000019f1e736140 Thread added: 0x0000019f263f1f90
Event: 6.060 Thread 0x0000019f24a62db0 Thread added: 0x0000019f2496bdd0
Event: 6.080 Thread 0x0000019f24a62db0 Thread added: 0x0000019f2496c460
Event: 6.410 Thread 0x0000019f24a62db0 Thread added: 0x0000019f2496caf0
Event: 6.416 Thread 0x0000019f24a62db0 Thread added: 0x0000019f27f7aca0
Event: 6.566 Thread 0x0000019f263f1f90 Thread exited: 0x0000019f263f1f90
Event: 6.770 Thread 0x0000019f24a62db0 Thread added: 0x0000019f27f7b330
Event: 6.826 Thread 0x0000019f24a62db0 Thread added: 0x0000019f27f7b9c0
Event: 6.926 Thread 0x0000019f1e736140 Thread added: 0x0000019f26ed20d0


Dynamic libraries:
0x00007ff66eea0000 - 0x00007ff66eeaa000 	C:\Program Files\Android\Android Studio\jbr\bin\java.exe
0x00007ff9705c0000 - 0x00007ff970828000 	C:\WINDOWS\SYSTEM32\ntdll.dll
0x00007ff96fb10000 - 0x00007ff96fbd9000 	C:\WINDOWS\System32\KERNEL32.DLL
0x00007ff96d850000 - 0x00007ff96dc3d000 	C:\WINDOWS\System32\KERNELBASE.dll
0x00007ff96de60000 - 0x00007ff96dfab000 	C:\WINDOWS\System32\ucrtbase.dll
0x00007ff959260000 - 0x00007ff959278000 	C:\Program Files\Android\Android Studio\jbr\bin\jli.dll
0x00007ff959240000 - 0x00007ff95925b000 	C:\Program Files\Android\Android Studio\jbr\bin\VCRUNTIME140.dll
0x00007ff96e520000 - 0x00007ff96e6ec000 	C:\WINDOWS\System32\USER32.dll
0x00007ff96dfb0000 - 0x00007ff96dfd7000 	C:\WINDOWS\System32\win32u.dll
0x00007ff9703e0000 - 0x00007ff97040b000 	C:\WINDOWS\System32\GDI32.dll
0x00007ff96d710000 - 0x00007ff96d847000 	C:\WINDOWS\System32\gdi32full.dll
0x00007ff96dfe0000 - 0x00007ff96e083000 	C:\WINDOWS\System32\msvcp_win.dll
0x00007ff95a690000 - 0x00007ff95a92a000 	C:\WINDOWS\WinSxS\amd64_microsoft.windows.common-controls_6595b64144ccf1df_6.0.26100.4484_none_3e0e6d4ce32ef3b3\COMCTL32.dll
0x00007ff96f4b0000 - 0x00007ff96f559000 	C:\WINDOWS\System32\msvcrt.dll
0x00007ff96fdb0000 - 0x00007ff96fddf000 	C:\WINDOWS\System32\IMM32.DLL
0x00007ff967030000 - 0x00007ff96703c000 	C:\Program Files\Android\Android Studio\jbr\bin\vcruntime140_1.dll
0x00007ff93a340000 - 0x00007ff93a3cd000 	C:\Program Files\Android\Android Studio\jbr\bin\msvcp140.dll
0x00007ff897d80000 - 0x00007ff898a0b000 	C:\Program Files\Android\Android Studio\jbr\bin\server\jvm.dll
0x00007ff96e700000 - 0x00007ff96e7b4000 	C:\WINDOWS\System32\ADVAPI32.dll
0x00007ff96fbe0000 - 0x00007ff96fc86000 	C:\WINDOWS\System32\sechost.dll
0x00007ff96fc90000 - 0x00007ff96fda8000 	C:\WINDOWS\System32\RPCRT4.dll
0x00007ff970410000 - 0x00007ff970484000 	C:\WINDOWS\System32\WS2_32.dll
0x00007ff96d560000 - 0x00007ff96d5be000 	C:\WINDOWS\SYSTEM32\POWRPROF.dll
0x00007ff961770000 - 0x00007ff96177b000 	C:\WINDOWS\SYSTEM32\VERSION.dll
0x00007ff95a590000 - 0x00007ff95a5c5000 	C:\WINDOWS\SYSTEM32\WINMM.dll
0x00007ff96d540000 - 0x00007ff96d554000 	C:\WINDOWS\SYSTEM32\UMPDC.dll
0x00007ff96c470000 - 0x00007ff96c48b000 	C:\WINDOWS\SYSTEM32\kernel.appcore.dll
0x00007ff9591b0000 - 0x00007ff9591ba000 	C:\Program Files\Android\Android Studio\jbr\bin\jimage.dll
0x00007ff967e10000 - 0x00007ff968051000 	C:\WINDOWS\SYSTEM32\DBGHELP.DLL
0x00007ff970050000 - 0x00007ff9703d6000 	C:\WINDOWS\System32\combase.dll
0x00007ff96fa20000 - 0x00007ff96fb00000 	C:\WINDOWS\System32\OLEAUT32.dll
0x00007ff953d20000 - 0x00007ff953d63000 	C:\WINDOWS\SYSTEM32\dbgcore.DLL
0x00007ff96ddc0000 - 0x00007ff96de59000 	C:\WINDOWS\System32\bcryptPrimitives.dll
0x00007ff967020000 - 0x00007ff96702e000 	C:\Program Files\Android\Android Studio\jbr\bin\instrument.dll
0x00007ff959190000 - 0x00007ff9591b0000 	C:\Program Files\Android\Android Studio\jbr\bin\java.dll
0x00007ff947310000 - 0x00007ff947328000 	C:\Program Files\Android\Android Studio\jbr\bin\zip.dll
0x00007ff96ec60000 - 0x00007ff96f3aa000 	C:\WINDOWS\System32\SHELL32.dll
0x00007ff96dc40000 - 0x00007ff96ddb4000 	C:\WINDOWS\System32\wintypes.dll
0x00007ff96b330000 - 0x00007ff96bb8b000 	C:\WINDOWS\SYSTEM32\windows.storage.dll
0x00007ff96f3b0000 - 0x00007ff96f4a5000 	C:\WINDOWS\System32\SHCORE.dll
0x00007ff970490000 - 0x00007ff9704fa000 	C:\WINDOWS\System32\shlwapi.dll
0x00007ff96d620000 - 0x00007ff96d64f000 	C:\WINDOWS\SYSTEM32\profapi.dll
0x00007ff959180000 - 0x00007ff959190000 	C:\Program Files\Android\Android Studio\jbr\bin\net.dll
0x00007ff963170000 - 0x00007ff96328e000 	C:\WINDOWS\SYSTEM32\WINHTTP.dll
0x00007ff96c9e0000 - 0x00007ff96ca4a000 	C:\WINDOWS\system32\mswsock.dll
0x00007ff9472f0000 - 0x00007ff947306000 	C:\Program Files\Android\Android Studio\jbr\bin\nio.dll
0x00007ff9422b0000 - 0x00007ff9422c0000 	C:\Program Files\Android\Android Studio\jbr\bin\verify.dll
0x00007ff951030000 - 0x00007ff951057000 	C:\Users\Dell\.gradle\native\1def1411415f61bf3af743bc5b6707747c0891f09f0c88961ee8f79bc544acac\windows-amd64\native-platform.dll
0x00007ff9449a0000 - 0x00007ff944a18000 	C:\Users\Dell\.gradle\native\0.2.7\x86_64-windows-gnu\gradle-fileevents.dll
0x00007ff944990000 - 0x00007ff944999000 	C:\Program Files\Android\Android Studio\jbr\bin\management.dll
0x00007ff944930000 - 0x00007ff94493b000 	C:\Program Files\Android\Android Studio\jbr\bin\management_ext.dll
0x00007ff96ec50000 - 0x00007ff96ec58000 	C:\WINDOWS\System32\PSAPI.DLL
0x00007ff96be80000 - 0x00007ff96beb3000 	C:\WINDOWS\SYSTEM32\IPHLPAPI.DLL
0x00007ff96e510000 - 0x00007ff96e51a000 	C:\WINDOWS\System32\NSI.dll
0x00007ff944cd0000 - 0x00007ff944cd9000 	C:\Program Files\Android\Android Studio\jbr\bin\extnet.dll
0x00007ff96cdc0000 - 0x00007ff96cddb000 	C:\WINDOWS\SYSTEM32\CRYPTSP.dll
0x00007ff96c3d0000 - 0x00007ff96c40b000 	C:\WINDOWS\system32\rsaenh.dll
0x00007ff96ca80000 - 0x00007ff96caab000 	C:\WINDOWS\SYSTEM32\USERENV.dll
0x00007ff96d5f0000 - 0x00007ff96d616000 	C:\WINDOWS\SYSTEM32\bcrypt.dll
0x00007ff96cc20000 - 0x00007ff96cc2c000 	C:\WINDOWS\SYSTEM32\CRYPTBASE.dll
0x00007ff8fa840000 - 0x00007ff8fa848000 	C:\WINDOWS\system32\wshunix.dll

dbghelp: loaded successfully - version: 4.0.5 - missing functions: none
symbol engine: initialized successfully - sym options: 0x614 - pdb path: .;C:\Program Files\Android\Android Studio\jbr\bin;C:\WINDOWS\SYSTEM32;C:\WINDOWS\WinSxS\amd64_microsoft.windows.common-controls_6595b64144ccf1df_6.0.26100.4484_none_3e0e6d4ce32ef3b3;C:\Program Files\Android\Android Studio\jbr\bin\server;C:\Users\Dell\.gradle\native\1def1411415f61bf3af743bc5b6707747c0891f09f0c88961ee8f79bc544acac\windows-amd64;C:\Users\Dell\.gradle\native\0.2.7\x86_64-windows-gnu

VM Arguments:
jvm_args: --add-opens=java.base/java.lang=ALL-UNNAMED --add-opens=java.base/java.lang.invoke=ALL-UNNAMED --add-opens=java.base/java.util=ALL-UNNAMED --add-opens=java.prefs/java.util.prefs=ALL-UNNAMED --add-exports=jdk.compiler/com.sun.tools.javac.api=ALL-UNNAMED --add-exports=jdk.compiler/com.sun.tools.javac.util=ALL-UNNAMED --add-opens=java.base/java.util=ALL-UNNAMED --add-opens=java.prefs/java.util.prefs=ALL-UNNAMED --add-opens=java.base/java.nio.charset=ALL-UNNAMED --add-opens=java.base/java.net=ALL-UNNAMED --add-opens=java.base/java.util.concurrent.atomic=ALL-UNNAMED --add-opens=java.xml/javax.xml.namespace=ALL-UNNAMED -Xmx2048m -Dfile.encoding=UTF-8 -Duser.country=US -Duser.language=en -Duser.variant -javaagent:C:\Users\Dell\.gradle\wrapper\dists\gradle-8.13-bin\5xuhj0ry160q40clulazy9h7d\gradle-8.13\lib\agents\gradle-instrumentation-agent-8.13.jar 
java_command: org.gradle.launcher.daemon.bootstrap.GradleDaemon 8.13
java_class_path (initial): C:\Users\Dell\.gradle\wrapper\dists\gradle-8.13-bin\5xuhj0ry160q40clulazy9h7d\gradle-8.13\lib\gradle-daemon-main-8.13.jar
Launcher Type: SUN_STANDARD

[Global flags]
     intx CICompilerCount                          = 4                                         {product} {ergonomic}
     uint ConcGCThreads                            = 2                                         {product} {ergonomic}
     uint G1ConcRefinementThreads                  = 8                                         {product} {ergonomic}
   size_t G1HeapRegionSize                         = 1048576                                   {product} {ergonomic}
    uintx GCDrainStackTargetSize                   = 64                                        {product} {ergonomic}
   size_t InitialHeapSize                          = 132120576                                 {product} {ergonomic}
   size_t MarkStackSize                            = 4194304                                   {product} {ergonomic}
   size_t MaxHeapSize                              = 2147483648                                {product} {command line}
   size_t MaxNewSize                               = 1287651328                                {product} {ergonomic}
   size_t MinHeapDeltaBytes                        = 1048576                                   {product} {ergonomic}
   size_t MinHeapSize                              = 8388608                                   {product} {ergonomic}
    uintx NonNMethodCodeHeapSize                   = 5839372                                {pd product} {ergonomic}
    uintx NonProfiledCodeHeapSize                  = 122909434                              {pd product} {ergonomic}
    uintx ProfiledCodeHeapSize                     = 122909434                              {pd product} {ergonomic}
    uintx ReservedCodeCacheSize                    = 251658240                              {pd product} {ergonomic}
     bool SegmentedCodeCache                       = true                                      {product} {ergonomic}
   size_t SoftMaxHeapSize                          = 2147483648                             {manageable} {ergonomic}
     bool UseCompressedOops                        = true                           {product lp64_product} {ergonomic}
     bool UseG1GC                                  = true                                      {product} {ergonomic}
     bool UseLargePagesIndividualAllocation        = false                                  {pd product} {ergonomic}

Logging:
Log output configuration:
 #0: stdout all=warning uptime,level,tags foldmultilines=false
 #1: stderr all=off uptime,level,tags foldmultilines=false

Environment Variables:
PATH=C:\Program Files\Python313\Scripts\;C:\Program Files\Python313\;C:\Program Files\Microsoft MPI\Bin\;C:\WINDOWS\system32;C:\WINDOWS;C:\WINDOWS\System32\Wbem;C:\WINDOWS\System32\WindowsPowerShell\v1.0\;C:\WINDOWS\System32\OpenSSH\;C:\MinGW\bin;C:\Program Files (x86)\Intel\Intel(R) Management Engine Components\DAL;C:\Program Files\Intel\Intel(R) Management Engine Components\DAL;C:\Program Files\MySQL\MySQL Server 8.0\bin;C:\Program Files\dotnet\;C:\Program Files (x86)\Windows Kits\10\Windows Performance Toolkit\;C:\Program Files (x86)\Microsoft SQL Server\160\DTS\Binn\;C:\Program Files (x86)\Microsoft SQL Server\160\Tools\Binn\;C:\Program Files\Microsoft SQL Server\160\Tools\Binn\;C:\Program Files\Microsoft SQL Server\Client SDK\ODBC\170\Tools\Binn\;C:\Program Files\Microsoft SQL Server\160\DTS\Binn\;C:\Program Files\Microsoft SQL Server\150\Tools\Binn\;C:\Program Files\Git\cmd;C:\Program Files\MySQL\MySQL Shell 8.0\bin\;C:\Users\Dell\AppData\Local\Microsoft\WindowsApps;D:\VsCode\Microsoft VS Code\bin;C:\Users\Dell\.dotnet\tools;
USERNAME=Dell
OS=Windows_NT
PROCESSOR_IDENTIFIER=Intel64 Family 6 Model 142 Stepping 10, GenuineIntel
TMP=C:\Users\Dell\AppData\Local\Temp
TEMP=C:\Users\Dell\AppData\Local\Temp




Periodic native trim disabled

JNI global refs:
JNI global refs: 24, weak refs: 3

JNI global refs memory usage: 835, weak refs: 833

Process memory usage:
Resident Set Size: 225956K (2% of 8243624K total physical memory with 684216K free physical memory)

OOME stack traces (most recent first):
Classloader memory used:
Loader org.gradle.internal.classloader.VisitableURLClassLoader                         : 18103K
Loader bootstrap                                                                       : 17702K
Loader org.gradle.initialization.MixInLegacyTypesClassLoader                           : 2552K
Loader jdk.internal.loader.ClassLoaders$AppClassLoader                                 : 235K
Loader jdk.internal.loader.ClassLoaders$PlatformClassLoader                            : 114K
Loader org.gradle.groovy.scripts.internal.DefaultScriptCompilationHandler$ScriptClassLoader: 6584B

Classes loaded by more than one classloader:
Class org.gradle.internal.classloader.FilteringClassLoader                            : loaded 2 times (x 101B)
Class org.gradle.internal.classloader.ClassLoaderHierarchy                            : loaded 2 times (x 66B)
Class org.gradle.api.internal.classpath.ManifestUtil                                  : loaded 2 times (x 67B)
Class org.gradle.internal.classloader.DefaultClassLoaderFactory                       : loaded 2 times (x 78B)
Class org.gradle.internal.classloader.ClassLoaderVisitor                              : loaded 2 times (x 72B)
Class org.gradle.api.internal.classpath.EffectiveClassPath                            : loaded 2 times (x 86B)
Class org.gradle.api.internal.DefaultClassPathProvider                                : loaded 2 times (x 72B)
Class [Lorg.gradle.api.internal.ClassPathProvider;                                    : loaded 2 times (x 65B)
Class org.gradle.api.internal.ClassPathProvider                                       : loaded 2 times (x 66B)
Class org.gradle.internal.service.UnknownServiceException                             : loaded 2 times (x 79B)
Class org.gradle.internal.classpath.TransformedClassPath                              : loaded 2 times (x 92B)
Class org.gradle.internal.classloader.InstrumentingClassLoader                        : loaded 2 times (x 66B)
Class org.gradle.internal.service.ServiceLocator                                      : loaded 2 times (x 66B)
Class org.gradle.internal.InternalTransformer                                         : loaded 2 times (x 66B)
Class org.gradle.internal.classloader.ClasspathUtil$1                                 : loaded 2 times (x 72B)
Class org.gradle.api.internal.classpath.DefaultModuleRegistry$DefaultModule           : loaded 2 times (x 82B)
Class org.gradle.api.internal.classpath.Module                                        : loaded 2 times (x 66B)
Class org.gradle.api.internal.classpath.UnknownModuleException                        : loaded 2 times (x 78B)
Class org.gradle.api.internal.DefaultClassPathRegistry                                : loaded 2 times (x 72B)
Class org.gradle.api.internal.ClassPathRegistry                                       : loaded 2 times (x 66B)
Class org.gradle.internal.classpath.DefaultClassPath$ImmutableUniqueList              : loaded 2 times (x 195B)
Class org.gradle.internal.classpath.ClassPath                                         : loaded 2 times (x 66B)
Class org.gradle.api.UncheckedIOException                                             : loaded 2 times (x 78B)
Class org.gradle.internal.installation.GradleInstallation$1                           : loaded 2 times (x 71B)
Class org.gradle.api.internal.classpath.ModuleRegistry                                : loaded 2 times (x 66B)
Class org.gradle.api.internal.classpath.DefaultModuleRegistry                         : loaded 2 times (x 82B)
Class org.gradle.internal.service.ServiceLookupException                              : loaded 2 times (x 78B)
Class org.gradle.internal.classloader.ClassLoaderFactory                              : loaded 2 times (x 66B)
Class org.gradle.internal.service.CachingServiceLocator                               : loaded 2 times (x 78B)
Class org.gradle.internal.classloader.ClasspathUtil                                   : loaded 2 times (x 67B)
Class org.gradle.api.specs.Spec                                                       : loaded 2 times (x 66B)
Class org.gradle.internal.classloader.VisitableURLClassLoader$InstrumentingVisitableURLClassLoader: loaded 2 times (x 119B)
Class org.gradle.internal.classloader.VisitableURLClassLoader$Spec                    : loaded 2 times (x 70B)
Class org.gradle.internal.classpath.DefaultClassPath                                  : loaded 2 times (x 86B)
Class org.gradle.internal.classloader.ClassLoaderSpec                                 : loaded 2 times (x 67B)
Class org.gradle.internal.classloader.VisitableURLClassLoader                         : loaded 2 times (x 113B)
Class org.gradle.internal.Cast                                                        : loaded 2 times (x 67B)
Class org.gradle.api.Action                                                           : loaded 2 times (x 66B)
Class org.gradle.internal.classpath.DefaultClassPath$ImmutableUniqueList$Builder      : loaded 2 times (x 71B)
Class org.gradle.api.GradleException                                                  : loaded 2 times (x 78B)
Class org.gradle.internal.IoActions                                                   : loaded 2 times (x 67B)
Class org.gradle.internal.classloader.SystemClassLoaderSpec                           : loaded 2 times (x 67B)
Class org.gradle.api.internal.classpath.GlobalCacheRootsProvider                      : loaded 2 times (x 66B)
Class org.gradle.internal.installation.CurrentGradleInstallationLocator               : loaded 2 times (x 67B)
Class org.gradle.internal.service.DefaultServiceLocator                               : loaded 2 times (x 79B)
Class org.gradle.internal.installation.CurrentGradleInstallation                      : loaded 2 times (x 69B)
Class org.gradle.util.internal.GUtil                                                  : loaded 2 times (x 67B)
Class org.gradle.internal.installation.GradleInstallation                             : loaded 2 times (x 71B)

---------------  S Y S T E M  ---------------

OS:
 Windows 11 , 64 bit Build 26100 (10.0.26100.4484)
OS uptime: 0 days 20:28 hours
Hyper-V role detected

CPU: total 8 (initial active 8) (4 cores per cpu, 2 threads per core) family 6 model 142 stepping 10 microcode 0xf4, cx8, cmov, fxsr, ht, mmx, 3dnowpref, sse, sse2, sse3, ssse3, sse4.1, sse4.2, popcnt, lzcnt, tsc, tscinvbit, avx, avx2, aes, erms, clmul, bmi1, bmi2, rtm, adx, fma, vzeroupper, clflush, clflushopt, hv, rdtscp, f16c
Processor Information for the first 8 processors :
  Max Mhz: 1896, Current Mhz: 1696, Mhz Limit: 1687

Memory: 4k page, system-wide physical 8050M (665M free)
TotalPageFile size 16242M (AvailPageFile size 31M)
current process WorkingSet (physical memory assigned to process): 223M, peak: 232M
current process commit charge ("private bytes"): 263M, peak: 271M

vm_info: OpenJDK 64-Bit Server VM (21.0.6+-13391695-b895.109) for windows-amd64 JRE (21.0.6+-13391695-b895.109), built on 2025-04-22T21:19:17Z by "builder" with MS VC++ 16.10 / 16.11 (VS2019)

END.
