#
# There is insufficient memory for the Java Runtime Environment to continue.
# Native memory allocation (malloc) failed to allocate 1461696 bytes. Error detail: Chunk::new
# Possible reasons:
#   The system is out of physical RAM or swap space
#   This process is running with CompressedOops enabled, and the Java Heap may be blocking the growth of the native heap
# Possible solutions:
#   Reduce memory load on the system
#   Increase physical memory or swap space
#   Check if swap backing store is full
#   Decrease Java heap size (-Xmx/-Xms)
#   Decrease number of Java threads
#   Decrease Java thread stack sizes (-Xss)
#   Set larger code cache with -XX:ReservedCodeCacheSize=
#   JVM is running with Unscaled Compressed Oops mode in which the Java heap is
#     placed in the first 4GB address space. The Java Heap base address is the
#     maximum limit for the native heap growth. Please use -XX:HeapBaseMinAddress
#     to set the Java Heap base and to place the Java Heap above 4GB virtual address.
# This output file may be truncated or incomplete.
#
#  Out of Memory Error (arena.cpp:168), pid=13480, tid=13332
#
# JRE version: OpenJDK Runtime Environment (21.0.6) (build 21.0.6+-13391695-b895.109)
# Java VM: OpenJDK 64-Bit Server VM (21.0.6+-13391695-b895.109, mixed mode, tiered, compressed oops, compressed class ptrs, g1 gc, windows-amd64)
# No core dump will be written. Minidumps are not enabled by default on client versions of Windows
#

---------------  S U M M A R Y ------------

Command Line: --add-opens=java.base/java.lang=ALL-UNNAMED --add-opens=java.base/java.lang.invoke=ALL-UNNAMED --add-opens=java.base/java.util=ALL-UNNAMED --add-opens=java.prefs/java.util.prefs=ALL-UNNAMED --add-exports=jdk.compiler/com.sun.tools.javac.api=ALL-UNNAMED --add-exports=jdk.compiler/com.sun.tools.javac.util=ALL-UNNAMED --add-opens=java.base/java.util=ALL-UNNAMED --add-opens=java.prefs/java.util.prefs=ALL-UNNAMED --add-opens=java.base/java.nio.charset=ALL-UNNAMED --add-opens=java.base/java.net=ALL-UNNAMED --add-opens=java.base/java.util.concurrent.atomic=ALL-UNNAMED --add-opens=java.xml/javax.xml.namespace=ALL-UNNAMED -Xmx2048m -Dfile.encoding=UTF-8 -Duser.country=US -Duser.language=en -Duser.variant -javaagent:C:\Users\Dell\.gradle\wrapper\dists\gradle-8.13-bin\5xuhj0ry160q40clulazy9h7d\gradle-8.13\lib\agents\gradle-instrumentation-agent-8.13.jar org.gradle.launcher.daemon.bootstrap.GradleDaemon 8.13

Host: Intel(R) Core(TM) i5-8350U CPU @ 1.70GHz, 8 cores, 7G,  Windows 11 , 64 bit Build 26100 (10.0.26100.4484)
Time: Wed Aug 13 17:11:30 2025 Pakistan Standard Time elapsed time: 11.280332 seconds (0d 0h 0m 11s)

---------------  T H R E A D  ---------------

Current thread (0x000001a79b634ab0):  JavaThread "C2 CompilerThread2" daemon [_thread_in_native, id=13332, stack(0x0000003037a00000,0x0000003037b00000) (1024K)]


Current CompileTask:
C2:11280 2958       4       java.net.URLClassLoader$1::run (5 bytes)

Stack: [0x0000003037a00000,0x0000003037b00000]
Native frames: (J=compiled Java code, j=interpreted, Vv=VM code, C=native code)
V  [jvm.dll+0x6d0639]
V  [jvm.dll+0x85eb03]
V  [jvm.dll+0x86105e]
V  [jvm.dll+0x861743]
V  [jvm.dll+0x27e6e6]
V  [jvm.dll+0xbff6d]
V  [jvm.dll+0xc04a3]
V  [jvm.dll+0x3b61ab]
V  [jvm.dll+0x1de684]
V  [jvm.dll+0x247dd4]
V  [jvm.dll+0x247251]
V  [jvm.dll+0x1c5f04]
V  [jvm.dll+0x2569ac]
V  [jvm.dll+0x254ef6]
V  [jvm.dll+0x3f0e96]
V  [jvm.dll+0x806ed8]
V  [jvm.dll+0x6cef0d]
C  [ucrtbase.dll+0x37b0]
C  [KERNEL32.DLL+0x2e8d7]
C  [ntdll.dll+0x3c34c]


---------------  P R O C E S S  ---------------

Threads class SMR info:
_java_thread_list=0x000001a79eb6d9e0, length=28, elements={
0x000001a7fa867f10, 0x000001a79455a220, 0x000001a79455b7e0, 0x000001a79456a640,
0x000001a794545400, 0x000001a794569120, 0x000001a79455cf90, 0x000001a79455f000,
0x000001a79456b490, 0x000001a7946e1150, 0x000001a7948aaa60, 0x000001a79a9b8a10,
0x000001a79a9ac090, 0x000001a799d89ad0, 0x000001a799a4bfb0, 0x000001a79a992030,
0x000001a79ab7df20, 0x000001a79ab98000, 0x000001a79abb9190, 0x000001a79abb9eb0,
0x000001a79abbbf80, 0x000001a79abbc610, 0x000001a79abbb260, 0x000001a79abb9820,
0x000001a79afbbef0, 0x000001a79b634ab0, 0x000001a79abbb8f0, 0x000001a79abba540
}

Java Threads: ( => current thread )
  0x000001a7fa867f10 JavaThread "main"                              [_thread_blocked, id=15932, stack(0x0000003035200000,0x0000003035300000) (1024K)]
  0x000001a79455a220 JavaThread "Reference Handler"          daemon [_thread_blocked, id=20144, stack(0x0000003035a00000,0x0000003035b00000) (1024K)]
  0x000001a79455b7e0 JavaThread "Finalizer"                  daemon [_thread_blocked, id=16668, stack(0x0000003035b00000,0x0000003035c00000) (1024K)]
  0x000001a79456a640 JavaThread "Signal Dispatcher"          daemon [_thread_blocked, id=19744, stack(0x0000003035c00000,0x0000003035d00000) (1024K)]
  0x000001a794545400 JavaThread "Attach Listener"            daemon [_thread_blocked, id=9712, stack(0x0000003035d00000,0x0000003035e00000) (1024K)]
  0x000001a794569120 JavaThread "Service Thread"             daemon [_thread_blocked, id=9060, stack(0x0000003035e00000,0x0000003035f00000) (1024K)]
  0x000001a79455cf90 JavaThread "Monitor Deflation Thread"   daemon [_thread_blocked, id=10500, stack(0x0000003035f00000,0x0000003036000000) (1024K)]
  0x000001a79455f000 JavaThread "C2 CompilerThread0"         daemon [_thread_in_native, id=16000, stack(0x0000003036000000,0x0000003036100000) (1024K)]
  0x000001a79456b490 JavaThread "C1 CompilerThread0"         daemon [_thread_blocked, id=21256, stack(0x0000003036100000,0x0000003036200000) (1024K)]
  0x000001a7946e1150 JavaThread "Common-Cleaner"             daemon [_thread_blocked, id=15052, stack(0x0000003036200000,0x0000003036300000) (1024K)]
  0x000001a7948aaa60 JavaThread "Notification Thread"        daemon [_thread_blocked, id=18716, stack(0x0000003036300000,0x0000003036400000) (1024K)]
  0x000001a79a9b8a10 JavaThread "Daemon health stats"               [_thread_blocked, id=8240, stack(0x0000003036c00000,0x0000003036d00000) (1024K)]
  0x000001a79a9ac090 JavaThread "Incoming local TCP Connector on port 57344"        [_thread_in_native, id=17080, stack(0x0000003036400000,0x0000003036500000) (1024K)]
  0x000001a799d89ad0 JavaThread "Daemon periodic checks"            [_thread_blocked, id=6848, stack(0x0000003036d00000,0x0000003036e00000) (1024K)]
  0x000001a799a4bfb0 JavaThread "Daemon"                            [_thread_blocked, id=20620, stack(0x0000003036e00000,0x0000003036f00000) (1024K)]
  0x000001a79a992030 JavaThread "Handler for socket connection from /127.0.0.1:57344 to /127.0.0.1:57345"        [_thread_in_native, id=9376, stack(0x0000003036f00000,0x0000003037000000) (1024K)]
  0x000001a79ab7df20 JavaThread "Cancel handler"                    [_thread_blocked, id=13072, stack(0x0000003037000000,0x0000003037100000) (1024K)]
  0x000001a79ab98000 JavaThread "Daemon worker"                     [_thread_in_vm, id=20304, stack(0x0000003037100000,0x0000003037200000) (1024K)]
  0x000001a79abb9190 JavaThread "Asynchronous log dispatcher for DefaultDaemonConnection: socket connection from /127.0.0.1:57344 to /127.0.0.1:57345"        [_thread_blocked, id=12740, stack(0x0000003037200000,0x0000003037300000) (1024K)]
  0x000001a79abb9eb0 JavaThread "Stdin handler"                     [_thread_blocked, id=19528, stack(0x0000003037300000,0x0000003037400000) (1024K)]
  0x000001a79abbbf80 JavaThread "Daemon client event forwarder"        [_thread_blocked, id=16808, stack(0x0000003037400000,0x0000003037500000) (1024K)]
  0x000001a79abbc610 JavaThread "Cache worker for journal cache (C:\Users\Dell\.gradle\caches\journal-1)"        [_thread_blocked, id=21336, stack(0x0000003037600000,0x0000003037700000) (1024K)]
  0x000001a79abbb260 JavaThread "File lock request listener"        [_thread_in_native, id=20184, stack(0x0000003037700000,0x0000003037800000) (1024K)]
  0x000001a79abb9820 JavaThread "Cache worker for file hash cache (C:\Users\Dell\.gradle\caches\8.13\fileHashes)"        [_thread_blocked, id=19436, stack(0x0000003037800000,0x0000003037900000) (1024K)]
  0x000001a79afbbef0 JavaThread "C2 CompilerThread1"         daemon [_thread_in_vm, id=15708, stack(0x0000003037900000,0x0000003037a00000) (1024K)]
=>0x000001a79b634ab0 JavaThread "C2 CompilerThread2"         daemon [_thread_in_native, id=13332, stack(0x0000003037a00000,0x0000003037b00000) (1024K)]
  0x000001a79abbb8f0 JavaThread "Cache worker for file hash cache (C:\Users\Dell\AndroidStudioProjects\MotivationalQuote\.gradle\8.13\fileHashes)"        [_thread_blocked, id=21476, stack(0x0000003037b00000,0x0000003037c00000) (1024K)]
  0x000001a79abba540 JavaThread "Cache worker for Build Output Cleanup Cache (C:\Users\Dell\AndroidStudioProjects\MotivationalQuote\.gradle\buildOutputCleanup)"        [_thread_blocked, id=14052, stack(0x0000003037c00000,0x0000003037d00000) (1024K)]
Total: 28

Other Threads:
  0x000001a79436c010 VMThread "VM Thread"                           [id=10616, stack(0x0000003035900000,0x0000003035a00000) (1024K)]
  0x000001a7943267a0 WatcherThread "VM Periodic Task Thread"        [id=8060, stack(0x0000003035800000,0x0000003035900000) (1024K)]
  0x000001a7fcc246e0 WorkerThread "GC Thread#0"                     [id=9172, stack(0x0000003035300000,0x0000003035400000) (1024K)]
  0x000001a799413b00 WorkerThread "GC Thread#1"                     [id=7268, stack(0x0000003036600000,0x0000003036700000) (1024K)]
  0x000001a79945bb80 WorkerThread "GC Thread#2"                     [id=18528, stack(0x0000003036700000,0x0000003036800000) (1024K)]
  0x000001a799faa7b0 WorkerThread "GC Thread#3"                     [id=8496, stack(0x0000003036800000,0x0000003036900000) (1024K)]
  0x000001a79947cdf0 WorkerThread "GC Thread#4"                     [id=5628, stack(0x0000003036900000,0x0000003036a00000) (1024K)]
  0x000001a79a8c0220 WorkerThread "GC Thread#5"                     [id=10704, stack(0x0000003036500000,0x0000003036600000) (1024K)]
  0x000001a79a9f2c00 WorkerThread "GC Thread#6"                     [id=10308, stack(0x0000003036a00000,0x0000003036b00000) (1024K)]
  0x000001a79a954270 WorkerThread "GC Thread#7"                     [id=7752, stack(0x0000003036b00000,0x0000003036c00000) (1024K)]
  0x000001a7fcc36410 ConcurrentGCThread "G1 Main Marker"            [id=15636, stack(0x0000003035400000,0x0000003035500000) (1024K)]
  0x000001a7fcc36e20 WorkerThread "G1 Conc#0"                       [id=1876, stack(0x0000003035500000,0x0000003035600000) (1024K)]
  0x000001a79abf9e30 WorkerThread "G1 Conc#1"                       [id=20104, stack(0x0000003037500000,0x0000003037600000) (1024K)]
  0x000001a7fcc8e6a0 ConcurrentGCThread "G1 Refine#0"               [id=15252, stack(0x0000003035600000,0x0000003035700000) (1024K)]
  0x000001a7941fa690 ConcurrentGCThread "G1 Service"                [id=2840, stack(0x0000003035700000,0x0000003035800000) (1024K)]
Total: 15

Threads with active compile tasks:
C2 CompilerThread0  11313 2959   !   4       java.net.URLClassLoader$1::run (81 bytes)
C2 CompilerThread1  11313 3022       4       jdk.internal.org.objectweb.asm.Type::getArgumentsAndReturnSizes (140 bytes)
C2 CompilerThread2  11313 2958       4       java.net.URLClassLoader$1::run (5 bytes)
Total: 3

VM state: not at safepoint (normal execution)

VM Mutex/Monitor currently owned by a thread: None

Heap address: 0x0000000080000000, size: 2048 MB, Compressed Oops mode: 32-bit

CDS archive(s) not mapped
Compressed class space mapped at: 0x0000000100000000-0x0000000140000000, reserved size: 1073741824
Narrow klass base: 0x0000000000000000, Narrow klass shift: 3, Narrow klass range: 0x140000000

GC Precious Log:
 CardTable entry size: 512
 Card Set container configuration: InlinePtr #cards 5 size 8 Array Of Cards #cards 12 size 40 Howl #buckets 4 coarsen threshold 1843 Howl Bitmap #cards 512 size 80 coarsen threshold 460 Card regions per heap region 1 cards per card region 2048
 CPUs: 8 total, 8 available
 Memory: 8050M
 Large Page Support: Disabled
 NUMA Support: Disabled
 Compressed Oops: Enabled (32-bit)
 Heap Region Size: 1M
 Heap Min Capacity: 8M
 Heap Initial Capacity: 126M
 Heap Max Capacity: 2G
 Pre-touch: Disabled
 Parallel Workers: 8
 Concurrent Workers: 2
 Concurrent Refinement Workers: 8
 Periodic GC: Disabled

Heap:
 garbage-first heap   total 77824K, used 48771K [0x0000000080000000, 0x0000000100000000)
  region size 1024K, 32 young (32768K), 6 survivors (6144K)
 Metaspace       used 32480K, committed 33280K, reserved 1114112K
  class space    used 4254K, committed 4608K, reserved 1048576K

Heap Regions: E=young(eden), S=young(survivor), O=old, HS=humongous(starts), HC=humongous(continues), CS=collection set, F=free, TAMS=top-at-mark-start, PB=parsable bottom
|   0|0x0000000080000000, 0x0000000080100000, 0x0000000080100000|100%|HS|  |TAMS 0x0000000080000000| PB 0x0000000080000000| Complete 
|   1|0x0000000080100000, 0x0000000080200000, 0x0000000080200000|100%|HC|  |TAMS 0x0000000080100000| PB 0x0000000080100000| Complete 
|   2|0x0000000080200000, 0x0000000080300000, 0x0000000080300000|100%|HC|  |TAMS 0x0000000080200000| PB 0x0000000080200000| Complete 
|   3|0x0000000080300000, 0x0000000080400000, 0x0000000080400000|100%| O|  |TAMS 0x0000000080300000| PB 0x0000000080300000| Untracked 
|   4|0x0000000080400000, 0x0000000080500000, 0x0000000080500000|100%| O|  |TAMS 0x0000000080400000| PB 0x0000000080400000| Untracked 
|   5|0x0000000080500000, 0x0000000080600000, 0x0000000080600000|100%| O|  |TAMS 0x0000000080500000| PB 0x0000000080500000| Untracked 
|   6|0x0000000080600000, 0x0000000080700000, 0x0000000080700000|100%|HS|  |TAMS 0x0000000080600000| PB 0x0000000080600000| Complete 
|   7|0x0000000080700000, 0x0000000080800000, 0x0000000080800000|100%| O|  |TAMS 0x0000000080700000| PB 0x0000000080700000| Untracked 
|   8|0x0000000080800000, 0x0000000080900000, 0x0000000080900000|100%| O|  |TAMS 0x0000000080800000| PB 0x0000000080800000| Untracked 
|   9|0x0000000080900000, 0x0000000080a00000, 0x0000000080a00000|100%| O|  |TAMS 0x0000000080900000| PB 0x0000000080900000| Untracked 
|  10|0x0000000080a00000, 0x0000000080b00000, 0x0000000080b00000|100%| O|  |TAMS 0x0000000080a00000| PB 0x0000000080a00000| Untracked 
|  11|0x0000000080b00000, 0x0000000080c00000, 0x0000000080c00000|100%| O|  |TAMS 0x0000000080b00000| PB 0x0000000080b00000| Untracked 
|  12|0x0000000080c00000, 0x0000000080d00000, 0x0000000080d00000|100%| O|  |TAMS 0x0000000080c00000| PB 0x0000000080c00000| Untracked 
|  13|0x0000000080d00000, 0x0000000080e00000, 0x0000000080e00000|100%| O|  |TAMS 0x0000000080d00000| PB 0x0000000080d00000| Untracked 
|  14|0x0000000080e00000, 0x0000000080f00000, 0x0000000080f00000|100%| O|  |TAMS 0x0000000080e00000| PB 0x0000000080e00000| Untracked 
|  15|0x0000000080f00000, 0x0000000081000000, 0x0000000081000000|100%| O|  |TAMS 0x0000000080f00000| PB 0x0000000080f00000| Untracked 
|  16|0x0000000081000000, 0x0000000081100000, 0x0000000081100000|100%| O|  |TAMS 0x0000000081000000| PB 0x0000000081000000| Untracked 
|  17|0x0000000081100000, 0x000000008117eee0, 0x0000000081200000| 49%| O|Cm|TAMS 0x0000000081100000| PB 0x0000000081100000| Complete 
|  18|0x0000000081200000, 0x0000000081200000, 0x0000000081300000|  0%| F|  |TAMS 0x0000000081200000| PB 0x0000000081200000| Untracked 
|  19|0x0000000081300000, 0x0000000081300000, 0x0000000081400000|  0%| F|  |TAMS 0x0000000081300000| PB 0x0000000081300000| Untracked 
|  20|0x0000000081400000, 0x0000000081400000, 0x0000000081500000|  0%| F|  |TAMS 0x0000000081400000| PB 0x0000000081400000| Untracked 
|  21|0x0000000081500000, 0x0000000081500000, 0x0000000081600000|  0%| F|  |TAMS 0x0000000081500000| PB 0x0000000081500000| Untracked 
|  22|0x0000000081600000, 0x0000000081600000, 0x0000000081700000|  0%| F|  |TAMS 0x0000000081600000| PB 0x0000000081600000| Untracked 
|  23|0x0000000081700000, 0x0000000081700000, 0x0000000081800000|  0%| F|  |TAMS 0x0000000081700000| PB 0x0000000081700000| Untracked 
|  24|0x0000000081800000, 0x0000000081800000, 0x0000000081900000|  0%| F|  |TAMS 0x0000000081800000| PB 0x0000000081800000| Untracked 
|  25|0x0000000081900000, 0x0000000081900000, 0x0000000081a00000|  0%| F|  |TAMS 0x0000000081900000| PB 0x0000000081900000| Untracked 
|  26|0x0000000081a00000, 0x0000000081a00000, 0x0000000081b00000|  0%| F|  |TAMS 0x0000000081a00000| PB 0x0000000081a00000| Untracked 
|  27|0x0000000081b00000, 0x0000000081b00000, 0x0000000081c00000|  0%| F|  |TAMS 0x0000000081b00000| PB 0x0000000081b00000| Untracked 
|  28|0x0000000081c00000, 0x0000000081c00000, 0x0000000081d00000|  0%| F|  |TAMS 0x0000000081c00000| PB 0x0000000081c00000| Untracked 
|  29|0x0000000081d00000, 0x0000000081d00000, 0x0000000081e00000|  0%| F|  |TAMS 0x0000000081d00000| PB 0x0000000081d00000| Untracked 
|  30|0x0000000081e00000, 0x0000000081e00000, 0x0000000081f00000|  0%| F|  |TAMS 0x0000000081e00000| PB 0x0000000081e00000| Untracked 
|  31|0x0000000081f00000, 0x0000000081f00000, 0x0000000082000000|  0%| F|  |TAMS 0x0000000081f00000| PB 0x0000000081f00000| Untracked 
|  32|0x0000000082000000, 0x0000000082000000, 0x0000000082100000|  0%| F|  |TAMS 0x0000000082000000| PB 0x0000000082000000| Untracked 
|  33|0x0000000082100000, 0x0000000082100000, 0x0000000082200000|  0%| F|  |TAMS 0x0000000082100000| PB 0x0000000082100000| Untracked 
|  34|0x0000000082200000, 0x0000000082200000, 0x0000000082300000|  0%| F|  |TAMS 0x0000000082200000| PB 0x0000000082200000| Untracked 
|  35|0x0000000082300000, 0x0000000082300000, 0x0000000082400000|  0%| F|  |TAMS 0x0000000082300000| PB 0x0000000082300000| Untracked 
|  36|0x0000000082400000, 0x0000000082400000, 0x0000000082500000|  0%| F|  |TAMS 0x0000000082400000| PB 0x0000000082400000| Untracked 
|  37|0x0000000082500000, 0x0000000082500000, 0x0000000082600000|  0%| F|  |TAMS 0x0000000082500000| PB 0x0000000082500000| Untracked 
|  38|0x0000000082600000, 0x0000000082600000, 0x0000000082700000|  0%| F|  |TAMS 0x0000000082600000| PB 0x0000000082600000| Untracked 
|  39|0x0000000082700000, 0x0000000082700000, 0x0000000082800000|  0%| F|  |TAMS 0x0000000082700000| PB 0x0000000082700000| Untracked 
|  40|0x0000000082800000, 0x0000000082800000, 0x0000000082900000|  0%| F|  |TAMS 0x0000000082800000| PB 0x0000000082800000| Untracked 
|  41|0x0000000082900000, 0x0000000082900000, 0x0000000082a00000|  0%| F|  |TAMS 0x0000000082900000| PB 0x0000000082900000| Untracked 
|  42|0x0000000082a00000, 0x0000000082a00000, 0x0000000082b00000|  0%| F|  |TAMS 0x0000000082a00000| PB 0x0000000082a00000| Untracked 
|  43|0x0000000082b00000, 0x0000000082b80000, 0x0000000082c00000| 50%| E|  |TAMS 0x0000000082b00000| PB 0x0000000082b00000| Complete 
|  44|0x0000000082c00000, 0x0000000082d00000, 0x0000000082d00000|100%| E|CS|TAMS 0x0000000082c00000| PB 0x0000000082c00000| Complete 
|  45|0x0000000082d00000, 0x0000000082e00000, 0x0000000082e00000|100%| E|CS|TAMS 0x0000000082d00000| PB 0x0000000082d00000| Complete 
|  46|0x0000000082e00000, 0x0000000082f00000, 0x0000000082f00000|100%| E|CS|TAMS 0x0000000082e00000| PB 0x0000000082e00000| Complete 
|  47|0x0000000082f00000, 0x0000000083000000, 0x0000000083000000|100%| E|CS|TAMS 0x0000000082f00000| PB 0x0000000082f00000| Complete 
|  48|0x0000000083000000, 0x0000000083100000, 0x0000000083100000|100%| E|CS|TAMS 0x0000000083000000| PB 0x0000000083000000| Complete 
|  49|0x0000000083100000, 0x0000000083200000, 0x0000000083200000|100%| E|CS|TAMS 0x0000000083100000| PB 0x0000000083100000| Complete 
|  50|0x0000000083200000, 0x0000000083300000, 0x0000000083300000|100%| E|CS|TAMS 0x0000000083200000| PB 0x0000000083200000| Complete 
|  51|0x0000000083300000, 0x0000000083400000, 0x0000000083400000|100%| E|CS|TAMS 0x0000000083300000| PB 0x0000000083300000| Complete 
|  52|0x0000000083400000, 0x0000000083500000, 0x0000000083500000|100%| E|CS|TAMS 0x0000000083400000| PB 0x0000000083400000| Complete 
|  53|0x0000000083500000, 0x0000000083600000, 0x0000000083600000|100%| E|CS|TAMS 0x0000000083500000| PB 0x0000000083500000| Complete 
|  54|0x0000000083600000, 0x0000000083700000, 0x0000000083700000|100%| E|CS|TAMS 0x0000000083600000| PB 0x0000000083600000| Complete 
|  55|0x0000000083700000, 0x0000000083800000, 0x0000000083800000|100%| E|CS|TAMS 0x0000000083700000| PB 0x0000000083700000| Complete 
|  56|0x0000000083800000, 0x0000000083900000, 0x0000000083900000|100%| E|CS|TAMS 0x0000000083800000| PB 0x0000000083800000| Complete 
|  57|0x0000000083900000, 0x0000000083a00000, 0x0000000083a00000|100%| E|CS|TAMS 0x0000000083900000| PB 0x0000000083900000| Complete 
|  58|0x0000000083a00000, 0x0000000083b00000, 0x0000000083b00000|100%| E|CS|TAMS 0x0000000083a00000| PB 0x0000000083a00000| Complete 
|  59|0x0000000083b00000, 0x0000000083c00000, 0x0000000083c00000|100%| E|CS|TAMS 0x0000000083b00000| PB 0x0000000083b00000| Complete 
|  60|0x0000000083c00000, 0x0000000083d00000, 0x0000000083d00000|100%| E|CS|TAMS 0x0000000083c00000| PB 0x0000000083c00000| Complete 
|  61|0x0000000083d00000, 0x0000000083e00000, 0x0000000083e00000|100%| E|CS|TAMS 0x0000000083d00000| PB 0x0000000083d00000| Complete 
|  62|0x0000000083e00000, 0x0000000083f00000, 0x0000000083f00000|100%| E|CS|TAMS 0x0000000083e00000| PB 0x0000000083e00000| Complete 
|  63|0x0000000083f00000, 0x0000000084000000, 0x0000000084000000|100%| E|CS|TAMS 0x0000000083f00000| PB 0x0000000083f00000| Complete 
|  64|0x0000000084000000, 0x0000000084100000, 0x0000000084100000|100%| E|CS|TAMS 0x0000000084000000| PB 0x0000000084000000| Complete 
|  65|0x0000000084100000, 0x0000000084200000, 0x0000000084200000|100%| E|CS|TAMS 0x0000000084100000| PB 0x0000000084100000| Complete 
|  66|0x0000000084200000, 0x0000000084300000, 0x0000000084300000|100%| S|CS|TAMS 0x0000000084200000| PB 0x0000000084200000| Complete 
|  67|0x0000000084300000, 0x0000000084400000, 0x0000000084400000|100%| S|CS|TAMS 0x0000000084300000| PB 0x0000000084300000| Complete 
|  68|0x0000000084400000, 0x0000000084500000, 0x0000000084500000|100%| S|CS|TAMS 0x0000000084400000| PB 0x0000000084400000| Complete 
|  69|0x0000000084500000, 0x0000000084600000, 0x0000000084600000|100%| S|CS|TAMS 0x0000000084500000| PB 0x0000000084500000| Complete 
|  70|0x0000000084600000, 0x0000000084700000, 0x0000000084700000|100%| S|CS|TAMS 0x0000000084600000| PB 0x0000000084600000| Complete 
|  71|0x0000000084700000, 0x0000000084721d70, 0x0000000084800000| 13%| S|CS|TAMS 0x0000000084700000| PB 0x0000000084700000| Complete 
|  99|0x0000000086300000, 0x0000000086400000, 0x0000000086400000|100%| E|CS|TAMS 0x0000000086300000| PB 0x0000000086300000| Complete 
| 100|0x0000000086400000, 0x0000000086500000, 0x0000000086500000|100%| E|CS|TAMS 0x0000000086400000| PB 0x0000000086400000| Complete 
| 101|0x0000000086500000, 0x0000000086600000, 0x0000000086600000|100%| E|CS|TAMS 0x0000000086500000| PB 0x0000000086500000| Complete 
| 125|0x0000000087d00000, 0x0000000087e00000, 0x0000000087e00000|100%| E|CS|TAMS 0x0000000087d00000| PB 0x0000000087d00000| Complete 

Card table byte_map: [0x000001a78f510000,0x000001a78f910000] _byte_map_base: 0x000001a78f110000

Marking Bits: (CMBitMap*) 0x000001a7fcc24cf0
 Bits: [0x000001a78f910000, 0x000001a791910000)

Polling page: 0x000001a7faa60000

Metaspace:

Usage:
  Non-class:     27.59 MB used.
      Class:      4.16 MB used.
       Both:     31.75 MB used.

Virtual space:
  Non-class space:       64.00 MB reserved,      28.00 MB ( 44%) committed,  1 nodes.
      Class space:        1.00 GB reserved,       4.50 MB ( <1%) committed,  1 nodes.
             Both:        1.06 GB reserved,      32.50 MB (  3%) committed. 

Chunk freelists:
   Non-Class:  3.77 MB
       Class:  11.39 MB
        Both:  15.16 MB

MaxMetaspaceSize: unlimited
CompressedClassSpaceSize: 1.00 GB
Initial GC threshold: 21.00 MB
Current GC threshold: 35.12 MB
CDS: off
 - commit_granule_bytes: 65536.
 - commit_granule_words: 8192.
 - virtual_space_node_default_size: 8388608.
 - enlarge_chunks_in_place: 1.
 - use_allocation_guard: 0.


Internal statistics:

num_allocs_failed_limit: 3.
num_arena_births: 1216.
num_arena_deaths: 0.
num_vsnodes_births: 2.
num_vsnodes_deaths: 0.
num_space_committed: 520.
num_space_uncommitted: 0.
num_chunks_returned_to_freelist: 3.
num_chunks_taken_from_freelist: 2224.
num_chunk_merges: 3.
num_chunk_splits: 1430.
num_chunks_enlarged: 885.
num_inconsistent_stats: 0.

CodeHeap 'non-profiled nmethods': size=120000Kb used=1712Kb max_used=1712Kb free=118287Kb
 bounds [0x000001a787ad0000, 0x000001a787d40000, 0x000001a78f000000]
CodeHeap 'profiled nmethods': size=120000Kb used=6287Kb max_used=6287Kb free=113712Kb
 bounds [0x000001a780000000, 0x000001a780630000, 0x000001a787530000]
CodeHeap 'non-nmethods': size=5760Kb used=1482Kb max_used=1594Kb free=4278Kb
 bounds [0x000001a787530000, 0x000001a7877a0000, 0x000001a787ad0000]
 total_blobs=3739 nmethods=3161 adapters=482
 compilation: enabled
              stopped_count=0, restarted_count=0
 full_count=0

Compilation events (20 events):
Event: 8.245 Thread 0x000001a79456b490 nmethod 3149 0x000001a787c69010 code [0x000001a787c691a0, 0x000001a787c69250]
Event: 8.245 Thread 0x000001a79456b490 3150       1       jdk.internal.event.ThreadSleepEvent::isEnabled (2 bytes)
Event: 8.245 Thread 0x000001a79456b490 nmethod 3150 0x000001a787c69310 code [0x000001a787c694a0, 0x000001a787c69568]
Event: 8.431 Thread 0x000001a79456b490 3154       3       java.util.concurrent.locks.AbstractQueuedSynchronizer$Node::<init> (5 bytes)
Event: 10.266 Thread 0x000001a79456b490 nmethod 3154 0x000001a78061ca10 code [0x000001a78061cbc0, 0x000001a78061cd28]
Event: 10.266 Thread 0x000001a79456b490 3155       3       java.util.concurrent.locks.ReentrantLock$NonfairSync::tryAcquire (27 bytes)
Event: 10.266 Thread 0x000001a79456b490 nmethod 3155 0x000001a78061ce10 code [0x000001a78061cfe0, 0x000001a78061d260]
Event: 10.266 Thread 0x000001a79456b490 3157       3       java.util.stream.StreamOpFlag::combineOpFlags (9 bytes)
Event: 10.266 Thread 0x000001a79456b490 nmethod 3157 0x000001a78061d310 code [0x000001a78061d4c0, 0x000001a78061d670]
Event: 10.266 Thread 0x000001a79456b490 3158       3       java.util.stream.StreamOpFlag::getMask (30 bytes)
Event: 10.266 Thread 0x000001a79456b490 nmethod 3158 0x000001a78061d710 code [0x000001a78061d8c0, 0x000001a78061da30]
Event: 10.266 Thread 0x000001a79456b490 3156   !   3       java.util.concurrent.locks.AbstractQueuedSynchronizer::tryInitializeHead (66 bytes)
Event: 10.267 Thread 0x000001a79456b490 nmethod 3156 0x000001a78061da90 code [0x000001a78061dc80, 0x000001a78061e218]
Event: 10.267 Thread 0x000001a79456b490 3159       1       javax.management.ObjectName$Property::setKeyIndex (6 bytes)
Event: 10.267 Thread 0x000001a79456b490 nmethod 3159 0x000001a787c69610 code [0x000001a787c697a0, 0x000001a787c69868]
Event: 10.267 Thread 0x000001a79456b490 3160       1       java.util.Spliterators$EmptySpliterator::characteristics (4 bytes)
Event: 10.267 Thread 0x000001a79456b490 nmethod 3160 0x000001a787c69910 code [0x000001a787c69aa0, 0x000001a787c69b68]
Event: 10.268 Thread 0x000001a79456b490 3162       3       java.util.AbstractQueue::<init> (5 bytes)
Event: 10.268 Thread 0x000001a79456b490 nmethod 3162 0x000001a78061e390 code [0x000001a78061e540, 0x000001a78061e708]
Event: 10.608 Thread 0x000001a79456b490 3163   !   3       java.util.concurrent.locks.AbstractQueuedSynchronizer$ConditionObject::newConditionNode (78 bytes)

GC Heap History (10 events):
Event: 0.525 GC heap before
{Heap before GC invocations=0 (full 0):
 garbage-first heap   total 129024K, used 22528K [0x0000000080000000, 0x0000000100000000)
  region size 1024K, 23 young (23552K), 0 survivors (0K)
 Metaspace       used 7962K, committed 8128K, reserved 1114112K
  class space    used 709K, committed 768K, reserved 1048576K
}
Event: 0.529 GC heap after
{Heap after GC invocations=1 (full 0):
 garbage-first heap   total 129024K, used 2730K [0x0000000080000000, 0x0000000100000000)
  region size 1024K, 3 young (3072K), 3 survivors (3072K)
 Metaspace       used 7962K, committed 8128K, reserved 1114112K
  class space    used 709K, committed 768K, reserved 1048576K
}
Event: 1.216 GC heap before
{Heap before GC invocations=1 (full 0):
 garbage-first heap   total 129024K, used 40618K [0x0000000080000000, 0x0000000100000000)
  region size 1024K, 38 young (38912K), 3 survivors (3072K)
 Metaspace       used 12175K, committed 12352K, reserved 1114112K
  class space    used 1281K, committed 1344K, reserved 1048576K
}
Event: 1.221 GC heap after
{Heap after GC invocations=2 (full 0):
 garbage-first heap   total 129024K, used 11049K [0x0000000080000000, 0x0000000100000000)
  region size 1024K, 5 young (5120K), 5 survivors (5120K)
 Metaspace       used 12175K, committed 12352K, reserved 1114112K
  class space    used 1281K, committed 1344K, reserved 1048576K
}
Event: 2.248 GC heap before
{Heap before GC invocations=2 (full 0):
 garbage-first heap   total 129024K, used 61225K [0x0000000080000000, 0x0000000100000000)
  region size 1024K, 52 young (53248K), 5 survivors (5120K)
 Metaspace       used 14716K, committed 14976K, reserved 1114112K
  class space    used 1602K, committed 1728K, reserved 1048576K
}
Event: 2.256 GC heap after
{Heap after GC invocations=3 (full 0):
 garbage-first heap   total 129024K, used 18114K [0x0000000080000000, 0x0000000100000000)
  region size 1024K, 6 young (6144K), 6 survivors (6144K)
 Metaspace       used 14716K, committed 14976K, reserved 1114112K
  class space    used 1602K, committed 1728K, reserved 1048576K
}
Event: 4.378 GC heap before
{Heap before GC invocations=3 (full 0):
 garbage-first heap   total 129024K, used 41666K [0x0000000080000000, 0x0000000100000000)
  region size 1024K, 30 young (30720K), 6 survivors (6144K)
 Metaspace       used 21194K, committed 21504K, reserved 1114112K
  class space    used 2439K, committed 2560K, reserved 1048576K
}
Event: 4.384 GC heap after
{Heap after GC invocations=4 (full 0):
 garbage-first heap   total 129024K, used 20567K [0x0000000080000000, 0x0000000100000000)
  region size 1024K, 3 young (3072K), 3 survivors (3072K)
 Metaspace       used 21194K, committed 21504K, reserved 1114112K
  class space    used 2439K, committed 2560K, reserved 1048576K
}
Event: 5.580 GC heap before
{Heap before GC invocations=5 (full 0):
 garbage-first heap   total 71680K, used 70743K [0x0000000080000000, 0x0000000100000000)
  region size 1024K, 52 young (53248K), 3 survivors (3072K)
 Metaspace       used 29247K, committed 29888K, reserved 1114112K
  class space    used 3714K, committed 4032K, reserved 1048576K
}
Event: 5.590 GC heap after
{Heap after GC invocations=6 (full 0):
 garbage-first heap   total 77824K, used 23171K [0x0000000080000000, 0x0000000100000000)
  region size 1024K, 6 young (6144K), 6 survivors (6144K)
 Metaspace       used 29247K, committed 29888K, reserved 1114112K
  class space    used 3714K, committed 4032K, reserved 1048576K
}

Dll operation events (3 events):
Event: 0.013 Loaded shared library C:\Program Files\Android\Android Studio\jbr\bin\java.dll
Event: 0.019 Loaded shared library C:\Program Files\Android\Android Studio\jbr\bin\zip.dll
Event: 0.616 Loaded shared library C:\Program Files\Android\Android Studio\jbr\bin\verify.dll

Deoptimization events (20 events):
Event: 5.896 Thread 0x000001a79ab98000 Uncommon trap: trap_request=0xffffff45 fr.pc=0x000001a787c549cc relative=0x00000000000001ec
Event: 5.896 Thread 0x000001a79ab98000 Uncommon trap: reason=unstable_if action=reinterpret pc=0x000001a787c549cc method=java.util.HashMap.getNode(Ljava/lang/Object;)Ljava/util/HashMap$Node; @ 131 c2
Event: 5.896 Thread 0x000001a79ab98000 DEOPT PACKING pc=0x000001a787c549cc sp=0x00000030371fb9a0
Event: 5.896 Thread 0x000001a79ab98000 DEOPT UNPACKING pc=0x000001a7875846a2 sp=0x00000030371fb8c0 mode 2
Event: 5.896 Thread 0x000001a79ab98000 Uncommon trap: trap_request=0xffffff45 fr.pc=0x000001a787c37c3c relative=0x00000000000002dc
Event: 5.896 Thread 0x000001a79ab98000 Uncommon trap: reason=unstable_if action=reinterpret pc=0x000001a787c37c3c method=java.util.HashMap.getNode(Ljava/lang/Object;)Ljava/util/HashMap$Node; @ 131 c2
Event: 5.896 Thread 0x000001a79ab98000 DEOPT PACKING pc=0x000001a787c37c3c sp=0x00000030371fb940
Event: 5.896 Thread 0x000001a79ab98000 DEOPT UNPACKING pc=0x000001a7875846a2 sp=0x00000030371fb8c0 mode 2
Event: 6.082 Thread 0x000001a79ab98000 Uncommon trap: trap_request=0xffffff6e fr.pc=0x000001a787b95f74 relative=0x0000000000000434
Event: 6.082 Thread 0x000001a79ab98000 Uncommon trap: reason=loop_limit_check action=maybe_recompile pc=0x000001a787b95f74 method=java.lang.StringLatin1.indexOf([BI[BII)I @ 37 c2
Event: 6.082 Thread 0x000001a79ab98000 DEOPT PACKING pc=0x000001a787b95f74 sp=0x00000030371fa150
Event: 6.082 Thread 0x000001a79ab98000 DEOPT UNPACKING pc=0x000001a7875846a2 sp=0x00000030371fa0b0 mode 2
Event: 6.197 Thread 0x000001a79ab98000 Uncommon trap: trap_request=0xffffffde fr.pc=0x000001a787adda60 relative=0x00000000000001c0
Event: 6.197 Thread 0x000001a79ab98000 Uncommon trap: reason=class_check action=maybe_recompile pc=0x000001a787adda60 method=java.lang.String.equals(Ljava/lang/Object;)Z @ 8 c2
Event: 6.197 Thread 0x000001a79ab98000 DEOPT PACKING pc=0x000001a787adda60 sp=0x00000030371fa3c0
Event: 6.197 Thread 0x000001a79ab98000 DEOPT UNPACKING pc=0x000001a7875846a2 sp=0x00000030371fa358 mode 2
Event: 6.221 Thread 0x000001a79ab98000 Uncommon trap: trap_request=0xffffff45 fr.pc=0x000001a787bf6f20 relative=0x00000000000003c0
Event: 6.221 Thread 0x000001a79ab98000 Uncommon trap: reason=unstable_if action=reinterpret pc=0x000001a787bf6f20 method=jdk.internal.org.objectweb.asm.SymbolTable.addType(Ljava/lang/String;)I @ 33 c2
Event: 6.221 Thread 0x000001a79ab98000 DEOPT PACKING pc=0x000001a787bf6f20 sp=0x00000030371fa0f0
Event: 6.221 Thread 0x000001a79ab98000 DEOPT UNPACKING pc=0x000001a7875846a2 sp=0x00000030371fa078 mode 2

Classes loaded (20 events):
Event: 5.827 Loading class javax/xml/xpath/XPathExpressionException
Event: 5.827 Loading class javax/xml/xpath/XPathException
Event: 5.827 Loading class javax/xml/xpath/XPathException done
Event: 5.827 Loading class javax/xml/xpath/XPathExpressionException done
Event: 5.827 Loading class org/xml/sax/ErrorHandler
Event: 5.828 Loading class org/xml/sax/ErrorHandler done
Event: 5.833 Loading class java/nio/file/AtomicMoveNotSupportedException
Event: 5.833 Loading class java/nio/file/AtomicMoveNotSupportedException done
Event: 5.946 Loading class java/lang/ThreadLocal$SuppliedThreadLocal
Event: 5.946 Loading class java/lang/ThreadLocal$SuppliedThreadLocal done
Event: 6.172 Loading class java/util/zip/GZIPOutputStream
Event: 6.174 Loading class java/util/zip/DeflaterOutputStream
Event: 6.175 Loading class java/util/zip/DeflaterOutputStream done
Event: 6.175 Loading class java/util/zip/GZIPOutputStream done
Event: 6.175 Loading class java/util/zip/GZIPInputStream
Event: 6.175 Loading class java/util/zip/GZIPInputStream done
Event: 6.177 Loading class java/io/UnsupportedEncodingException
Event: 6.178 Loading class java/io/UnsupportedEncodingException done
Event: 6.227 Loading class java/util/Collections$SingletonMap
Event: 6.228 Loading class java/util/Collections$SingletonMap done

Classes unloaded (0 events):
No events

Classes redefined (0 events):
No events

Internal exceptions (20 events):
Event: 5.137 Thread 0x000001a79ab98000 Exception <a 'java/lang/NoSuchMethodError'{0x000000008252fa00}: 'java.lang.Object java.lang.invoke.DelegatingMethodHandle$Holder.reinvoke_L(java.lang.Object, java.lang.Object, java.lang.Object, java.lang.Object, java.lang.Object, java.lang.Object, java.lang.Object, java.lang.Object, java.lang.Object, java.lang.Object, java.lang.Object, java.lang.Object, java.lang.Object, java.lang.Object, java.lang.Object, java.lang.Object, java.lang.Object, java.lang.Object, java.lang.Object, java.lang.Object, java.lang.O
Event: 5.141 Thread 0x000001a79ab98000 Exception <a 'java/lang/NoSuchMethodError'{0x000000008259ece8}: 'java.lang.Object java.lang.invoke.DirectMethodHandle$Holder.invokeStatic(java.lang.Object, java.lang.Object, java.lang.Object, java.lang.Object, java.lang.Object, java.lang.Object, java.lang.Object, java.lang.Object, java.lang.Object, java.lang.Object, java.lang.Object, java.lang.Object, java.lang.Object, java.lang.Object, java.lang.Object, java.lang.Object, java.lang.Object)'> (0x000000008259ece8) 
thrown [s\src\hotspot\share\interpreter\lin
Event: 5.143 Thread 0x000001a79ab98000 Exception <a 'java/lang/NoSuchMethodError'{0x00000000825c8230}: 'java.lang.Object java.lang.invoke.DirectMethodHandle$Holder.invokeStatic(java.lang.Object, java.lang.Object, java.lang.Object, java.lang.Object, java.lang.Object, java.lang.Object, java.lang.Object, java.lang.Object, java.lang.Object, java.lang.Object, java.lang.Object, java.lang.Object, java.lang.Object, java.lang.Object, java.lang.Object, java.lang.Object, java.lang.Object, java.lang.Object)'> (0x00000000825c8230) 
thrown [s\src\hotspot\sha
Event: 5.146 Thread 0x000001a79ab98000 Exception <a 'java/lang/NoSuchMethodError'{0x00000000825f24a8}: 'java.lang.Object java.lang.invoke.DirectMethodHandle$Holder.invokeStatic(java.lang.Object, java.lang.Object, java.lang.Object, java.lang.Object, java.lang.Object, java.lang.Object, java.lang.Object, java.lang.Object, java.lang.Object, java.lang.Object, java.lang.Object, java.lang.Object, java.lang.Object, java.lang.Object, java.lang.Object, java.lang.Object, java.lang.Object, java.lang.Object, java.lang.Object)'> (0x00000000825f24a8) 
thrown 
Event: 5.149 Thread 0x000001a79ab98000 Exception <a 'java/lang/NoSuchMethodError'{0x000000008241dff0}: 'java.lang.Object java.lang.invoke.DirectMethodHandle$Holder.invokeStatic(java.lang.Object, java.lang.Object, java.lang.Object, java.lang.Object, java.lang.Object, java.lang.Object, java.lang.Object, java.lang.Object, java.lang.Object, java.lang.Object, java.lang.Object, java.lang.Object, java.lang.Object, java.lang.Object, java.lang.Object, java.lang.Object, java.lang.Object, java.lang.Object, java.lang.Object, java.lang.Object)'> (0x00000000
Event: 5.151 Thread 0x000001a79ab98000 Exception <a 'java/lang/NoSuchMethodError'{0x000000008244ab00}: 'java.lang.Object java.lang.invoke.DirectMethodHandle$Holder.invokeStatic(java.lang.Object, java.lang.Object, java.lang.Object, java.lang.Object, java.lang.Object, java.lang.Object, java.lang.Object, java.lang.Object, java.lang.Object, java.lang.Object, java.lang.Object, java.lang.Object, java.lang.Object, java.lang.Object, java.lang.Object, java.lang.Object, java.lang.Object, java.lang.Object, java.lang.Object, java.lang.Object, java.lang.Obj
Event: 5.153 Thread 0x000001a79ab98000 Exception <a 'java/lang/NoSuchMethodError'{0x00000000824785a8}: 'java.lang.Object java.lang.invoke.DirectMethodHandle$Holder.invokeStatic(java.lang.Object, java.lang.Object, java.lang.Object, java.lang.Object, java.lang.Object, java.lang.Object, java.lang.Object, java.lang.Object, java.lang.Object, java.lang.Object, java.lang.Object, java.lang.Object, java.lang.Object, java.lang.Object, java.lang.Object, java.lang.Object, java.lang.Object, java.lang.Object, java.lang.Object, java.lang.Object, java.lang.Obj
Event: 5.154 Thread 0x000001a79ab98000 Exception <a 'java/lang/NoSuchMethodError'{0x00000000824a7458}: 'java.lang.Object java.lang.invoke.DirectMethodHandle$Holder.invokeStatic(java.lang.Object, java.lang.Object, java.lang.Object, java.lang.Object, java.lang.Object, java.lang.Object, java.lang.Object, java.lang.Object, java.lang.Object, java.lang.Object, java.lang.Object, java.lang.Object, java.lang.Object, java.lang.Object, java.lang.Object, java.lang.Object, java.lang.Object, java.lang.Object, java.lang.Object, java.lang.Object, java.lang.Obj
Event: 5.156 Thread 0x000001a79ab98000 Exception <a 'java/lang/NoSuchMethodError'{0x00000000824d6b10}: 'java.lang.Object java.lang.invoke.DirectMethodHandle$Holder.invokeStatic(java.lang.Object, java.lang.Object, java.lang.Object, java.lang.Object, java.lang.Object, java.lang.Object, java.lang.Object, java.lang.Object, java.lang.Object, java.lang.Object, java.lang.Object, java.lang.Object, java.lang.Object, java.lang.Object, java.lang.Object, java.lang.Object, java.lang.Object, java.lang.Object, java.lang.Object, java.lang.Object, java.lang.Obj
Event: 5.158 Thread 0x000001a79ab98000 Exception <a 'java/lang/NoSuchMethodError'{0x00000000823076f0}: 'java.lang.Object java.lang.invoke.DirectMethodHandle$Holder.invokeStatic(java.lang.Object, java.lang.Object, java.lang.Object, java.lang.Object, java.lang.Object, java.lang.Object, java.lang.Object, java.lang.Object, java.lang.Object, java.lang.Object, java.lang.Object, java.lang.Object, java.lang.Object, java.lang.Object, java.lang.Object, java.lang.Object, java.lang.Object, java.lang.Object, java.lang.Object, java.lang.Object, java.lang.Obj
Event: 5.161 Thread 0x000001a79ab98000 Exception <a 'java/lang/NoSuchMethodError'{0x00000000823385d8}: 'java.lang.Object java.lang.invoke.DirectMethodHandle$Holder.invokeStatic(java.lang.Object, java.lang.Object, java.lang.Object, java.lang.Object, java.lang.Object, java.lang.Object, java.lang.Object, java.lang.Object, java.lang.Object, java.lang.Object, java.lang.Object, java.lang.Object, java.lang.Object, java.lang.Object, java.lang.Object, java.lang.Object, java.lang.Object, java.lang.Object, java.lang.Object, java.lang.Object, java.lang.Obj
Event: 5.163 Thread 0x000001a79ab98000 Exception <a 'java/lang/NoSuchMethodError'{0x000000008236b098}: 'java.lang.Object java.lang.invoke.DirectMethodHandle$Holder.invokeStatic(java.lang.Object, java.lang.Object, java.lang.Object, java.lang.Object, java.lang.Object, java.lang.Object, java.lang.Object, java.lang.Object, java.lang.Object, java.lang.Object, java.lang.Object, java.lang.Object, java.lang.Object, java.lang.Object, java.lang.Object, java.lang.Object, java.lang.Object, java.lang.Object, java.lang.Object, java.lang.Object, java.lang.Obj
Event: 5.188 Thread 0x000001a79ab98000 Exception <a 'java/lang/IncompatibleClassChangeError'{0x000000008228fbb8}: Found class java.lang.Object, but interface was expected> (0x000000008228fbb8) 
thrown [s\src\hotspot\share\interpreter\linkResolver.cpp, line 851]
Event: 5.469 Thread 0x000001a79ab98000 Exception <a 'java/lang/IncompatibleClassChangeError'{0x0000000081675978}: Found class java.lang.Object, but interface was expected> (0x0000000081675978) 
thrown [s\src\hotspot\share\interpreter\linkResolver.cpp, line 851]
Event: 5.472 Thread 0x000001a79ab98000 Exception <a 'java/lang/NoSuchMethodError'{0x00000000816a0338}: 'java.lang.Object java.lang.invoke.DirectMethodHandle$Holder.newInvokeSpecial(java.lang.Object, java.lang.Object, java.lang.Object, java.lang.Object, java.lang.Object, java.lang.Object, java.lang.Object, java.lang.Object, java.lang.Object, java.lang.Object)'> (0x00000000816a0338) 
thrown [s\src\hotspot\share\interpreter\linkResolver.cpp, line 784]
Event: 5.528 Thread 0x000001a79ab98000 Exception <a 'java/lang/NoSuchMethodError'{0x00000000814f8fc0}: 'int java.lang.invoke.DirectMethodHandle$Holder.invokeStaticInit(java.lang.Object, java.lang.Object, java.lang.Object)'> (0x00000000814f8fc0) 
thrown [s\src\hotspot\share\interpreter\linkResolver.cpp, line 784]
Event: 5.655 Thread 0x000001a79ab98000 Exception <a 'java/lang/NoSuchMethodError'{0x00000000864ffc68}: 'void java.lang.invoke.DirectMethodHandle$Holder.invokeVirtual(java.lang.Object, java.lang.Object, java.lang.Object, java.lang.Object, java.lang.Object)'> (0x00000000864ffc68) 
thrown [s\src\hotspot\share\interpreter\linkResolver.cpp, line 784]
Event: 5.803 Thread 0x000001a79ab98000 Exception <a 'java/lang/NoSuchMethodError'{0x0000000083c95180}: 'java.lang.Object java.lang.invoke.DirectMethodHandle$Holder.invokeVirtual(java.lang.Object, java.lang.Object, java.lang.Object, java.lang.Object, java.lang.Object, java.lang.Object, java.lang.Object, java.lang.Object, java.lang.Object, java.lang.Object, java.lang.Object, java.lang.Object, java.lang.Object, java.lang.Object, java.lang.Object, java.lang.Object, java.lang.Object, java.lang.Object, java.lang.Object, java.lang.Object, java.lang.Ob
Event: 5.913 Thread 0x000001a79ab98000 Exception <a 'java/lang/NoSuchMethodError'{0x0000000083870d08}: 'java.lang.Object java.lang.invoke.DirectMethodHandle$Holder.newInvokeSpecial(java.lang.Object, java.lang.Object, java.lang.Object, java.lang.Object, java.lang.Object, java.lang.Object, java.lang.Object)'> (0x0000000083870d08) 
thrown [s\src\hotspot\share\interpreter\linkResolver.cpp, line 784]
Event: 5.966 Thread 0x000001a79ab98000 Exception <a 'java/lang/NoSuchMethodError'{0x000000008364ae78}: 'java.lang.Object java.lang.invoke.DirectMethodHandle$Holder.invokeVirtual(java.lang.Object, java.lang.Object, java.lang.Object, java.lang.Object, java.lang.Object, java.lang.Object, java.lang.Object, java.lang.Object, java.lang.Object, java.lang.Object, java.lang.Object)'> (0x000000008364ae78) 
thrown [s\src\hotspot\share\interpreter\linkResolver.cpp, line 784]

ZGC Phase Switch (0 events):
No events

VM Operations (20 events):
Event: 4.378 Executing VM operation: CollectForMetadataAllocation (Metadata GC Threshold)
Event: 4.384 Executing VM operation: CollectForMetadataAllocation (Metadata GC Threshold) done
Event: 4.391 Executing VM operation: G1PauseRemark
Event: 4.392 Executing VM operation: G1PauseRemark done
Event: 4.396 Executing VM operation: G1PauseCleanup
Event: 4.399 Executing VM operation: G1PauseCleanup done
Event: 4.883 Executing VM operation: HandshakeAllThreads (Deoptimize)
Event: 4.883 Executing VM operation: HandshakeAllThreads (Deoptimize) done
Event: 5.170 Executing VM operation: HandshakeAllThreads (Deoptimize)
Event: 5.170 Executing VM operation: HandshakeAllThreads (Deoptimize) done
Event: 5.171 Executing VM operation: HandshakeAllThreads (Deoptimize)
Event: 5.171 Executing VM operation: HandshakeAllThreads (Deoptimize) done
Event: 5.470 Executing VM operation: ICBufferFull
Event: 5.470 Executing VM operation: ICBufferFull done
Event: 5.580 Executing VM operation: G1CollectForAllocation (G1 Evacuation Pause)
Event: 5.590 Executing VM operation: G1CollectForAllocation (G1 Evacuation Pause) done
Event: 6.590 Executing VM operation: Cleanup
Event: 7.246 Executing VM operation: Cleanup done
Event: 9.261 Executing VM operation: Cleanup
Event: 9.262 Executing VM operation: Cleanup done

Memory protections (0 events):
No events

Nmethod flushes (0 events):
No events

Events (20 events):
Event: 2.283 Loaded shared library C:\Program Files\Android\Android Studio\jbr\bin\management_ext.dll
Event: 2.323 Thread 0x000001a7fa867f10 Thread added: 0x000001a79a9b8a10
Event: 3.364 Thread 0x000001a799098760 Thread exited: 0x000001a799098760
Event: 3.508 Loaded shared library C:\Program Files\Android\Android Studio\jbr\bin\extnet.dll
Event: 3.870 Thread 0x000001a7fa867f10 Thread added: 0x000001a79a9ac090
Event: 4.057 Thread 0x000001a7fa867f10 Thread added: 0x000001a799d89ad0
Event: 4.191 Thread 0x000001a79a9ac090 Thread added: 0x000001a799a4bfb0
Event: 4.195 Thread 0x000001a799a4bfb0 Thread added: 0x000001a79a992030
Event: 4.247 Thread 0x000001a799a4bfb0 Thread added: 0x000001a79ab7df20
Event: 4.258 Thread 0x000001a799a4bfb0 Thread added: 0x000001a79ab98000
Event: 4.268 Thread 0x000001a79ab98000 Thread added: 0x000001a79abb9190
Event: 4.271 Thread 0x000001a79ab98000 Thread added: 0x000001a79abb9eb0
Event: 4.274 Thread 0x000001a79ab98000 Thread added: 0x000001a79abbbf80
Event: 4.884 Thread 0x000001a79ab98000 Thread added: 0x000001a79abbc610
Event: 4.897 Thread 0x000001a79ab98000 Thread added: 0x000001a79abbb260
Event: 4.933 Thread 0x000001a79ab98000 Thread added: 0x000001a79abb9820
Event: 5.003 Thread 0x000001a79456b490 Thread added: 0x000001a79afbbef0
Event: 5.525 Thread 0x000001a79456b490 Thread added: 0x000001a79b634ab0
Event: 6.208 Thread 0x000001a79ab98000 Thread added: 0x000001a79abbb8f0
Event: 10.268 Thread 0x000001a79ab98000 Thread added: 0x000001a79abba540


Dynamic libraries:
0x00007ff780d90000 - 0x00007ff780d9a000 	C:\Program Files\Android\Android Studio\jbr\bin\java.exe
0x00007ff9705c0000 - 0x00007ff970828000 	C:\WINDOWS\SYSTEM32\ntdll.dll
0x00007ff96fb10000 - 0x00007ff96fbd9000 	C:\WINDOWS\System32\KERNEL32.DLL
0x00007ff96d850000 - 0x00007ff96dc3d000 	C:\WINDOWS\System32\KERNELBASE.dll
0x00007ff96de60000 - 0x00007ff96dfab000 	C:\WINDOWS\System32\ucrtbase.dll
0x00007ff959280000 - 0x00007ff959298000 	C:\Program Files\Android\Android Studio\jbr\bin\jli.dll
0x00007ff967020000 - 0x00007ff96703b000 	C:\Program Files\Android\Android Studio\jbr\bin\VCRUNTIME140.dll
0x00007ff96e520000 - 0x00007ff96e6ec000 	C:\WINDOWS\System32\USER32.dll
0x00007ff95a690000 - 0x00007ff95a92a000 	C:\WINDOWS\WinSxS\amd64_microsoft.windows.common-controls_6595b64144ccf1df_6.0.26100.4484_none_3e0e6d4ce32ef3b3\COMCTL32.dll
0x00007ff96dfb0000 - 0x00007ff96dfd7000 	C:\WINDOWS\System32\win32u.dll
0x00007ff96f4b0000 - 0x00007ff96f559000 	C:\WINDOWS\System32\msvcrt.dll
0x00007ff9703e0000 - 0x00007ff97040b000 	C:\WINDOWS\System32\GDI32.dll
0x00007ff96d710000 - 0x00007ff96d847000 	C:\WINDOWS\System32\gdi32full.dll
0x00007ff96dfe0000 - 0x00007ff96e083000 	C:\WINDOWS\System32\msvcp_win.dll
0x00007ff96fdb0000 - 0x00007ff96fddf000 	C:\WINDOWS\System32\IMM32.DLL
0x00007ff9591b0000 - 0x00007ff9591bc000 	C:\Program Files\Android\Android Studio\jbr\bin\vcruntime140_1.dll
0x00007ff93a340000 - 0x00007ff93a3cd000 	C:\Program Files\Android\Android Studio\jbr\bin\msvcp140.dll
0x00007ff916dc0000 - 0x00007ff917a4b000 	C:\Program Files\Android\Android Studio\jbr\bin\server\jvm.dll
0x00007ff96e700000 - 0x00007ff96e7b4000 	C:\WINDOWS\System32\ADVAPI32.dll
0x00007ff96fbe0000 - 0x00007ff96fc86000 	C:\WINDOWS\System32\sechost.dll
0x00007ff96fc90000 - 0x00007ff96fda8000 	C:\WINDOWS\System32\RPCRT4.dll
0x00007ff970410000 - 0x00007ff970484000 	C:\WINDOWS\System32\WS2_32.dll
0x00007ff96d560000 - 0x00007ff96d5be000 	C:\WINDOWS\SYSTEM32\POWRPROF.dll
0x00007ff95a590000 - 0x00007ff95a5c5000 	C:\WINDOWS\SYSTEM32\WINMM.dll
0x00007ff961770000 - 0x00007ff96177b000 	C:\WINDOWS\SYSTEM32\VERSION.dll
0x00007ff96d540000 - 0x00007ff96d554000 	C:\WINDOWS\SYSTEM32\UMPDC.dll
0x00007ff96c470000 - 0x00007ff96c48b000 	C:\WINDOWS\SYSTEM32\kernel.appcore.dll
0x00007ff9591a0000 - 0x00007ff9591aa000 	C:\Program Files\Android\Android Studio\jbr\bin\jimage.dll
0x00007ff967e10000 - 0x00007ff968051000 	C:\WINDOWS\SYSTEM32\DBGHELP.DLL
0x00007ff970050000 - 0x00007ff9703d6000 	C:\WINDOWS\System32\combase.dll
0x00007ff96fa20000 - 0x00007ff96fb00000 	C:\WINDOWS\System32\OLEAUT32.dll
0x00007ff953d20000 - 0x00007ff953d63000 	C:\WINDOWS\SYSTEM32\dbgcore.DLL
0x00007ff96ddc0000 - 0x00007ff96de59000 	C:\WINDOWS\System32\bcryptPrimitives.dll
0x00007ff959270000 - 0x00007ff95927e000 	C:\Program Files\Android\Android Studio\jbr\bin\instrument.dll
0x00007ff959180000 - 0x00007ff9591a0000 	C:\Program Files\Android\Android Studio\jbr\bin\java.dll
0x00007ff9590b0000 - 0x00007ff9590c8000 	C:\Program Files\Android\Android Studio\jbr\bin\zip.dll
0x00007ff96ec60000 - 0x00007ff96f3aa000 	C:\WINDOWS\System32\SHELL32.dll
0x00007ff96dc40000 - 0x00007ff96ddb4000 	C:\WINDOWS\System32\wintypes.dll
0x00007ff96b330000 - 0x00007ff96bb8b000 	C:\WINDOWS\SYSTEM32\windows.storage.dll
0x00007ff96f3b0000 - 0x00007ff96f4a5000 	C:\WINDOWS\System32\SHCORE.dll
0x00007ff970490000 - 0x00007ff9704fa000 	C:\WINDOWS\System32\shlwapi.dll
0x00007ff96d620000 - 0x00007ff96d64f000 	C:\WINDOWS\SYSTEM32\profapi.dll
0x00007ff9590a0000 - 0x00007ff9590b0000 	C:\Program Files\Android\Android Studio\jbr\bin\net.dll
0x00007ff963170000 - 0x00007ff96328e000 	C:\WINDOWS\SYSTEM32\WINHTTP.dll
0x00007ff96c9e0000 - 0x00007ff96ca4a000 	C:\WINDOWS\system32\mswsock.dll
0x00007ff954200000 - 0x00007ff954216000 	C:\Program Files\Android\Android Studio\jbr\bin\nio.dll
0x00007ff9541e0000 - 0x00007ff9541f0000 	C:\Program Files\Android\Android Studio\jbr\bin\verify.dll
0x00007ff944850000 - 0x00007ff944877000 	C:\Users\Dell\.gradle\native\1def1411415f61bf3af743bc5b6707747c0891f09f0c88961ee8f79bc544acac\windows-amd64\native-platform.dll
0x00007ff93a230000 - 0x00007ff93a2a8000 	C:\Users\Dell\.gradle\native\0.2.7\x86_64-windows-gnu\gradle-fileevents.dll
0x00007ff958ed0000 - 0x00007ff958ed9000 	C:\Program Files\Android\Android Studio\jbr\bin\management.dll
0x00007ff954ec0000 - 0x00007ff954ecb000 	C:\Program Files\Android\Android Studio\jbr\bin\management_ext.dll
0x00007ff96ec50000 - 0x00007ff96ec58000 	C:\WINDOWS\System32\PSAPI.DLL
0x00007ff96be80000 - 0x00007ff96beb3000 	C:\WINDOWS\SYSTEM32\IPHLPAPI.DLL
0x00007ff96e510000 - 0x00007ff96e51a000 	C:\WINDOWS\System32\NSI.dll
0x00007ff959090000 - 0x00007ff959099000 	C:\Program Files\Android\Android Studio\jbr\bin\extnet.dll
0x00007ff96cdc0000 - 0x00007ff96cddb000 	C:\WINDOWS\SYSTEM32\CRYPTSP.dll
0x00007ff96c3d0000 - 0x00007ff96c40b000 	C:\WINDOWS\system32\rsaenh.dll
0x00007ff96ca80000 - 0x00007ff96caab000 	C:\WINDOWS\SYSTEM32\USERENV.dll
0x00007ff96d5f0000 - 0x00007ff96d616000 	C:\WINDOWS\SYSTEM32\bcrypt.dll
0x00007ff96cc20000 - 0x00007ff96cc2c000 	C:\WINDOWS\SYSTEM32\CRYPTBASE.dll
0x00007ff8fa840000 - 0x00007ff8fa848000 	C:\WINDOWS\system32\wshunix.dll

dbghelp: loaded successfully - version: 4.0.5 - missing functions: none
symbol engine: initialized successfully - sym options: 0x614 - pdb path: .;C:\Program Files\Android\Android Studio\jbr\bin;C:\WINDOWS\SYSTEM32;C:\WINDOWS\WinSxS\amd64_microsoft.windows.common-controls_6595b64144ccf1df_6.0.26100.4484_none_3e0e6d4ce32ef3b3;C:\Program Files\Android\Android Studio\jbr\bin\server;C:\Users\Dell\.gradle\native\1def1411415f61bf3af743bc5b6707747c0891f09f0c88961ee8f79bc544acac\windows-amd64;C:\Users\Dell\.gradle\native\0.2.7\x86_64-windows-gnu

VM Arguments:
jvm_args: --add-opens=java.base/java.lang=ALL-UNNAMED --add-opens=java.base/java.lang.invoke=ALL-UNNAMED --add-opens=java.base/java.util=ALL-UNNAMED --add-opens=java.prefs/java.util.prefs=ALL-UNNAMED --add-exports=jdk.compiler/com.sun.tools.javac.api=ALL-UNNAMED --add-exports=jdk.compiler/com.sun.tools.javac.util=ALL-UNNAMED --add-opens=java.base/java.util=ALL-UNNAMED --add-opens=java.prefs/java.util.prefs=ALL-UNNAMED --add-opens=java.base/java.nio.charset=ALL-UNNAMED --add-opens=java.base/java.net=ALL-UNNAMED --add-opens=java.base/java.util.concurrent.atomic=ALL-UNNAMED --add-opens=java.xml/javax.xml.namespace=ALL-UNNAMED -Xmx2048m -Dfile.encoding=UTF-8 -Duser.country=US -Duser.language=en -Duser.variant -javaagent:C:\Users\Dell\.gradle\wrapper\dists\gradle-8.13-bin\5xuhj0ry160q40clulazy9h7d\gradle-8.13\lib\agents\gradle-instrumentation-agent-8.13.jar 
java_command: org.gradle.launcher.daemon.bootstrap.GradleDaemon 8.13
java_class_path (initial): C:\Users\Dell\.gradle\wrapper\dists\gradle-8.13-bin\5xuhj0ry160q40clulazy9h7d\gradle-8.13\lib\gradle-daemon-main-8.13.jar
Launcher Type: SUN_STANDARD

[Global flags]
     intx CICompilerCount                          = 4                                         {product} {ergonomic}
     uint ConcGCThreads                            = 2                                         {product} {ergonomic}
     uint G1ConcRefinementThreads                  = 8                                         {product} {ergonomic}
   size_t G1HeapRegionSize                         = 1048576                                   {product} {ergonomic}
    uintx GCDrainStackTargetSize                   = 64                                        {product} {ergonomic}
   size_t InitialHeapSize                          = 132120576                                 {product} {ergonomic}
   size_t MarkStackSize                            = 4194304                                   {product} {ergonomic}
   size_t MaxHeapSize                              = 2147483648                                {product} {command line}
   size_t MaxNewSize                               = 1287651328                                {product} {ergonomic}
   size_t MinHeapDeltaBytes                        = 1048576                                   {product} {ergonomic}
   size_t MinHeapSize                              = 8388608                                   {product} {ergonomic}
    uintx NonNMethodCodeHeapSize                   = 5839372                                {pd product} {ergonomic}
    uintx NonProfiledCodeHeapSize                  = 122909434                              {pd product} {ergonomic}
    uintx ProfiledCodeHeapSize                     = 122909434                              {pd product} {ergonomic}
    uintx ReservedCodeCacheSize                    = 251658240                              {pd product} {ergonomic}
     bool SegmentedCodeCache                       = true                                      {product} {ergonomic}
   size_t SoftMaxHeapSize                          = 2147483648                             {manageable} {ergonomic}
     bool UseCompressedOops                        = true                           {product lp64_product} {ergonomic}
     bool UseG1GC                                  = true                                      {product} {ergonomic}
     bool UseLargePagesIndividualAllocation        = false                                  {pd product} {ergonomic}

Logging:
Log output configuration:
 #0: stdout all=warning uptime,level,tags foldmultilines=false
 #1: stderr all=off uptime,level,tags foldmultilines=false

Environment Variables:
PATH=C:\Program Files\Python313\Scripts\;C:\Program Files\Python313\;C:\Program Files\Microsoft MPI\Bin\;C:\WINDOWS\system32;C:\WINDOWS;C:\WINDOWS\System32\Wbem;C:\WINDOWS\System32\WindowsPowerShell\v1.0\;C:\WINDOWS\System32\OpenSSH\;C:\MinGW\bin;C:\Program Files (x86)\Intel\Intel(R) Management Engine Components\DAL;C:\Program Files\Intel\Intel(R) Management Engine Components\DAL;C:\Program Files\MySQL\MySQL Server 8.0\bin;C:\Program Files\dotnet\;C:\Program Files (x86)\Windows Kits\10\Windows Performance Toolkit\;C:\Program Files (x86)\Microsoft SQL Server\160\DTS\Binn\;C:\Program Files (x86)\Microsoft SQL Server\160\Tools\Binn\;C:\Program Files\Microsoft SQL Server\160\Tools\Binn\;C:\Program Files\Microsoft SQL Server\Client SDK\ODBC\170\Tools\Binn\;C:\Program Files\Microsoft SQL Server\160\DTS\Binn\;C:\Program Files\Microsoft SQL Server\150\Tools\Binn\;C:\Program Files\Git\cmd;C:\Program Files\MySQL\MySQL Shell 8.0\bin\;C:\Users\Dell\AppData\Local\Microsoft\WindowsApps;D:\VsCode\Microsoft VS Code\bin;C:\Users\Dell\.dotnet\tools;
USERNAME=Dell
OS=Windows_NT
PROCESSOR_IDENTIFIER=Intel64 Family 6 Model 142 Stepping 10, GenuineIntel
TMP=C:\Users\Dell\AppData\Local\Temp
TEMP=C:\Users\Dell\AppData\Local\Temp




Periodic native trim disabled

JNI global refs:
JNI global refs: 23, weak refs: 1

JNI global refs memory usage: 835, weak refs: 833

Process memory usage:
Resident Set Size: 233004K (2% of 8243624K total physical memory with 557008K free physical memory)

OOME stack traces (most recent first):
Classloader memory used:
Loader bootstrap                                                                       : 16908K
Loader org.gradle.internal.classloader.VisitableURLClassLoader                         : 13405K
Loader org.gradle.initialization.MixInLegacyTypesClassLoader                           : 1978K
Loader jdk.internal.loader.ClassLoaders$AppClassLoader                                 : 235K
Loader jdk.internal.loader.ClassLoaders$PlatformClassLoader                            : 113K

Classes loaded by more than one classloader:
Class org.gradle.internal.classloader.FilteringClassLoader                            : loaded 2 times (x 101B)
Class org.gradle.internal.classloader.ClassLoaderHierarchy                            : loaded 2 times (x 66B)
Class org.gradle.api.internal.classpath.ManifestUtil                                  : loaded 2 times (x 67B)
Class org.gradle.internal.classloader.DefaultClassLoaderFactory                       : loaded 2 times (x 78B)
Class org.gradle.internal.classloader.ClassLoaderVisitor                              : loaded 2 times (x 72B)
Class org.gradle.api.internal.classpath.EffectiveClassPath                            : loaded 2 times (x 86B)
Class org.gradle.api.internal.DefaultClassPathProvider                                : loaded 2 times (x 72B)
Class [Lorg.gradle.api.internal.ClassPathProvider;                                    : loaded 2 times (x 65B)
Class org.gradle.api.internal.ClassPathProvider                                       : loaded 2 times (x 66B)
Class org.gradle.internal.service.UnknownServiceException                             : loaded 2 times (x 79B)
Class org.gradle.internal.classpath.TransformedClassPath                              : loaded 2 times (x 92B)
Class org.gradle.internal.classloader.InstrumentingClassLoader                        : loaded 2 times (x 66B)
Class org.gradle.internal.service.ServiceLocator                                      : loaded 2 times (x 66B)
Class org.gradle.internal.InternalTransformer                                         : loaded 2 times (x 66B)
Class org.gradle.internal.classloader.ClasspathUtil$1                                 : loaded 2 times (x 72B)
Class org.gradle.api.internal.classpath.DefaultModuleRegistry$DefaultModule           : loaded 2 times (x 82B)
Class org.gradle.api.internal.classpath.Module                                        : loaded 2 times (x 66B)
Class org.gradle.api.internal.classpath.UnknownModuleException                        : loaded 2 times (x 78B)
Class org.gradle.api.internal.DefaultClassPathRegistry                                : loaded 2 times (x 72B)
Class org.gradle.api.internal.ClassPathRegistry                                       : loaded 2 times (x 66B)
Class org.gradle.internal.classpath.DefaultClassPath$ImmutableUniqueList              : loaded 2 times (x 195B)
Class org.gradle.internal.classpath.ClassPath                                         : loaded 2 times (x 66B)
Class org.gradle.api.UncheckedIOException                                             : loaded 2 times (x 78B)
Class org.gradle.internal.installation.GradleInstallation$1                           : loaded 2 times (x 71B)
Class org.gradle.api.internal.classpath.ModuleRegistry                                : loaded 2 times (x 66B)
Class org.gradle.api.internal.classpath.DefaultModuleRegistry                         : loaded 2 times (x 82B)
Class org.gradle.internal.service.ServiceLookupException                              : loaded 2 times (x 78B)
Class org.gradle.internal.classloader.ClassLoaderFactory                              : loaded 2 times (x 66B)
Class org.gradle.internal.service.CachingServiceLocator                               : loaded 2 times (x 78B)
Class org.gradle.internal.classloader.ClasspathUtil                                   : loaded 2 times (x 67B)
Class org.gradle.api.specs.Spec                                                       : loaded 2 times (x 66B)
Class org.gradle.internal.classloader.VisitableURLClassLoader$InstrumentingVisitableURLClassLoader: loaded 2 times (x 119B)
Class org.gradle.internal.classloader.VisitableURLClassLoader$Spec                    : loaded 2 times (x 70B)
Class org.gradle.internal.classpath.DefaultClassPath                                  : loaded 2 times (x 86B)
Class org.gradle.internal.classloader.ClassLoaderSpec                                 : loaded 2 times (x 67B)
Class org.gradle.internal.classloader.VisitableURLClassLoader                         : loaded 2 times (x 113B)
Class org.gradle.internal.Cast                                                        : loaded 2 times (x 67B)
Class org.gradle.api.Action                                                           : loaded 2 times (x 66B)
Class org.gradle.internal.classpath.DefaultClassPath$ImmutableUniqueList$Builder      : loaded 2 times (x 71B)
Class org.gradle.api.GradleException                                                  : loaded 2 times (x 78B)
Class org.gradle.internal.IoActions                                                   : loaded 2 times (x 67B)
Class org.gradle.internal.classloader.SystemClassLoaderSpec                           : loaded 2 times (x 67B)
Class org.gradle.api.internal.classpath.GlobalCacheRootsProvider                      : loaded 2 times (x 66B)
Class org.gradle.internal.installation.CurrentGradleInstallationLocator               : loaded 2 times (x 67B)
Class org.gradle.internal.service.DefaultServiceLocator                               : loaded 2 times (x 79B)
Class org.gradle.internal.installation.CurrentGradleInstallation                      : loaded 2 times (x 69B)
Class org.gradle.util.internal.GUtil                                                  : loaded 2 times (x 67B)
Class org.gradle.internal.installation.GradleInstallation                             : loaded 2 times (x 71B)

---------------  S Y S T E M  ---------------

OS:
 Windows 11 , 64 bit Build 26100 (10.0.26100.4484)
OS uptime: 0 days 20:19 hours
Hyper-V role detected

CPU: total 8 (initial active 8) (4 cores per cpu, 2 threads per core) family 6 model 142 stepping 10 microcode 0xf4, cx8, cmov, fxsr, ht, mmx, 3dnowpref, sse, sse2, sse3, ssse3, sse4.1, sse4.2, popcnt, lzcnt, tsc, tscinvbit, avx, avx2, aes, erms, clmul, bmi1, bmi2, rtm, adx, fma, vzeroupper, clflush, clflushopt, hv, rdtscp, f16c
Processor Information for the first 8 processors :
  Max Mhz: 1896, Current Mhz: 1696, Mhz Limit: 1687

Memory: 4k page, system-wide physical 8050M (544M free)
TotalPageFile size 16242M (AvailPageFile size 22M)
current process WorkingSet (physical memory assigned to process): 228M, peak: 243M
current process commit charge ("private bytes"): 269M, peak: 286M

vm_info: OpenJDK 64-Bit Server VM (21.0.6+-13391695-b895.109) for windows-amd64 JRE (21.0.6+-13391695-b895.109), built on 2025-04-22T21:19:17Z by "builder" with MS VC++ 16.10 / 16.11 (VS2019)

END.
